[Header]
Signature=VISE
Version=0001
RemoveInUseFiles=0
RegistryKeyName=SWiSH v2.01
Product Name=SWiSH v2.01
[WinNT]
AdminPrivileges=0
[Directories2]
0=f:\Flash
count=17
1=f:\Flash\samples
2=f:\Flash\effects
3=f:\Flash\effects\3D Spin
4=f:\Flash\effects\Alternate
5=f:\Flash\effects\Explode
6=f:\Flash\effects\Snake
7=f:\Flash\effects\Squeeze
8=f:\Flash\effects\Transform
9=f:\Flash\effects\Vortex
10=f:\Flash\effects\Wave
11=C:\Documents and Settings
12=C:\Documents and Settings\zam01
13=C:\Documents and Settings\zam01\Start Menu
14=C:\Documents and Settings\zam01\Start Menu\Programs
15=C:\Documents and Settings\zam01\Start Menu\Programs\.
16=C:\Documents and Settings\zam01\Start Menu\Programs\SWiSH v2.01
[Files]
count=188
0=f:\Flash\samples\88A.mp3
1=f:\Flash\samples\actions.swi
2=f:\Flash\samples\Beep1.wav
3=f:\Flash\samples\Beep2.wav
4=f:\Flash\samples\buttondemo.swi
5=f:\Flash\samples\first.jpg
6=f:\Flash\samples\first.swi
7=f:\Flash\samples\first.txt
8=f:\Flash\samples\FX1001.WAV
9=f:\Flash\samples\logo.swf
10=f:\Flash\samples\Menu.swi
11=f:\Flash\samples\movie.mp3
12=f:\Flash\samples\Preloader.swi
13=f:\Flash\samples\promo.swi
14=f:\Flash\samples\promo2.swi
15=f:\Flash\samples\Pseudo3D.swi
16=f:\Flash\samples\Ray of Light.swi
17=f:\Flash\samples\Snakes.swi
18=f:\Flash\samples\spritedemo.swi
19=f:\Flash\effects\3D Spin\3D Spin in_ stand up slow.sfx
20=f:\Flash\effects\3D Spin\3D Spin, bubble burst.sfx
21=f:\Flash\effects\3D Spin\3D Spin, pop into place 2.sfx
22=f:\Flash\effects\3D Spin\3D Spin, pop into place.sfx
23=f:\Flash\effects\3D Spin\3D Spin, show from L.sfx
24=f:\Flash\effects\3D Spin\3D Spin, show from R.sfx
25=f:\Flash\effects\3D Spin\3D Spin_ come then go - quick.sfx
26=f:\Flash\effects\3D Spin\3D Spin_ fade in from you.sfx
27=f:\Flash\effects\3D Spin\3D Spin_ fade out at you.sfx
28=f:\Flash\effects\3D Spin\3D Spin_ hinge R.sfx
29=f:\Flash\effects\3D Spin\3D Spin_ in and grow.sfx
30=f:\Flash\effects\3D Spin\3D Spin_ out and fade.sfx
31=f:\Flash\effects\3D Spin\3D Spin_ out of nowhere.sfx
32=f:\Flash\effects\3D Spin\3D Spin_ out_ fade from center.sfx
33=f:\Flash\effects\3D Spin\3D Spin_ perspective L.sfx
34=f:\Flash\effects\3D Spin\3D Spin_ perspective R.sfx
35=f:\Flash\effects\3D Spin\3D Spin_ small to big.sfx
36=f:\Flash\effects\3D Spin\3D Spin_ swing to R_ then L.sfx
37=f:\Flash\effects\Alternate\Alternate_ pop-in and grow from center.sfx
38=f:\Flash\effects\Alternate\Alternate_ pop-in and grow from ends.sfx
39=f:\Flash\effects\Alternate\Alternate_ pop-in and grow from L.sfx
40=f:\Flash\effects\Alternate\Alternate_ pop-in and grow from R.sfx
41=f:\Flash\effects\Alternate\Alternate_bounce.sfx
42=f:\Flash\effects\Alternate\Alternate_dancing into center.sfx
43=f:\Flash\effects\Alternate\Alternate_dancing with spin.sfx
44=f:\Flash\effects\Alternate\Alternate_from 3 directions.sfx
45=f:\Flash\effects\Alternate\Alternate_gunslinger.sfx
46=f:\Flash\effects\Alternate\Alternate_jump out slide L.sfx
47=f:\Flash\effects\Alternate\Alternate_jump out slide R.sfx
48=f:\Flash\effects\Alternate\Alternate_out of nowhere.sfx
49=f:\Flash\effects\Alternate\Alternate_rolling _ rolling.sfx
50=f:\Flash\effects\Alternate\Alternate_rolling _ sliding.sfx
51=f:\Flash\effects\Alternate\Alternate_scramble and spin.sfx
52=f:\Flash\effects\Alternate\Alternate_shrink come back.sfx
53=f:\Flash\effects\Alternate\Alternate_squish rotate change color.sfx
54=f:\Flash\effects\Alternate\Alternate_stack em.sfx
55=f:\Flash\effects\Alternate\Alternate_zoom away to center.sfx
56=f:\Flash\effects\Alternate\Alternate_zoom away to ends.sfx
57=f:\Flash\effects\Explode\Explode in, from high places.sfx
58=f:\Flash\effects\Explode\Explode in, slowly align.sfx
59=f:\Flash\effects\Explode\Explode out, like water.sfx
60=f:\Flash\effects\Explode\Explode, all fall down.sfx
61=f:\Flash\effects\Explode\Explode, drift away.sfx
62=f:\Flash\effects\Explode\Explode, out of the blue.sfx
63=f:\Flash\effects\Explode\Explode, step aside.sfx
64=f:\Flash\effects\Explode\Explode_ arrive quietly.sfx
65=f:\Flash\effects\Explode\Explode_ flash past.sfx
66=f:\Flash\effects\Explode\Explode_ perfect landing 2.sfx
67=f:\Flash\effects\Explode\Explode_ perfect landing.sfx
68=f:\Flash\effects\Explode\Explode_ slow down.sfx
69=f:\Flash\effects\Explode\Explode_ slow up.sfx
70=f:\Flash\effects\Explode\Explode_ spin out.sfx
71=f:\Flash\effects\Explode\Explode_ spin past.sfx
72=f:\Flash\effects\Explode\Explode_ swing right.sfx
73=f:\Flash\effects\Explode\Explode_ whirlpool.sfx
74=f:\Flash\effects\Explode\Explode_ wind from L.sfx
75=f:\Flash\effects\Explode\Explode_ wind from R.sfx
76=f:\Flash\effects\Explode\fly to the sun.sfx
77=f:\Flash\effects\Snake\Fred.sfx
78=f:\Flash\effects\Snake\Snake_ 7 to 1.sfx
79=f:\Flash\effects\Snake\Snake_ like a wheel to L.sfx
80=f:\Flash\effects\Snake\Snake_ like a wheel to R.sfx
81=f:\Flash\effects\Snake\Snake_ simple cascade.sfx
82=f:\Flash\effects\Snake\Snake_bump em round.sfx
83=f:\Flash\effects\Snake\Snake_diamond.sfx
84=f:\Flash\effects\Snake\Snake_not serious.sfx
85=f:\Flash\effects\Snake\Snake_pipeline.sfx
86=f:\Flash\effects\Snake\Snake_pulse it out.sfx
87=f:\Flash\effects\Snake\Snake_Rocking.sfx
88=f:\Flash\effects\Snake\Snake_Rollercoaster.sfx
89=f:\Flash\effects\Snake\Snake_rotate on X.sfx
90=f:\Flash\effects\Snake\Snake_spin and spell 1 way.sfx
91=f:\Flash\effects\Snake\Snake_spin and spell 2 ways.sfx
92=f:\Flash\effects\Snake\Snake_square.sfx
93=f:\Flash\effects\Snake\Snake_tigger.sfx
94=f:\Flash\effects\Snake\Snake_Tornado.sfx
95=f:\Flash\effects\Snake\Snake_with gravity.sfx
96=f:\Flash\effects\Snake\Snake_zigzag.sfx
97=f:\Flash\effects\Squeeze\Scale out, Squeeze in & fade out.sfx
98=f:\Flash\effects\Squeeze\Squeeze & Cascade in.sfx
99=f:\Flash\effects\Squeeze\Squeeze & Cascade out.sfx
100=f:\Flash\effects\Squeeze\Squeeze & rotate L..sfx
101=f:\Flash\effects\Squeeze\Squeeze & rotate R.sfx
102=f:\Flash\effects\Squeeze\Squeeze & spin.sfx
103=f:\Flash\effects\Squeeze\Squeeze (throb).sfx
104=f:\Flash\effects\Squeeze\Squeeze L coming,going.sfx
105=f:\Flash\effects\Squeeze\Squeeze L, spin & swell.sfx
106=f:\Flash\effects\Squeeze\Squeeze L, stop shoving.sfx
107=f:\Flash\effects\Squeeze\Squeeze out and fade.sfx
108=f:\Flash\effects\Squeeze\Squeeze R, like elastic.sfx
109=f:\Flash\effects\Squeeze\Squeeze R, slide back.sfx
110=f:\Flash\effects\Squeeze\Squeeze R, slide forward.sfx
111=f:\Flash\effects\Squeeze\Squeeze, backflip.sfx
112=f:\Flash\effects\Squeeze\Squeeze, fade & scale in.sfx
113=f:\Flash\effects\Squeeze\Squeeze, jump back.sfx
114=f:\Flash\effects\Squeeze\Squeeze, ready, spin.sfx
115=f:\Flash\effects\Squeeze\Squeeze, spin & grow.sfx
116=f:\Flash\effects\Squeeze\Squeeze, spin & shrink.sfx
117=f:\Flash\effects\Squeeze\Squeeze, swoop away.sfx
118=f:\Flash\effects\Transform\Transform _ flash in fast.sfx
119=f:\Flash\effects\Transform\Transform_black to white.sfx
120=f:\Flash\effects\Transform\Transform_cascade to center.sfx
121=f:\Flash\effects\Transform\Transform_cascade to ends.sfx
122=f:\Flash\effects\Transform\Transform_first in line.sfx
123=f:\Flash\effects\Transform\Transform_from the hip.sfx
124=f:\Flash\effects\Transform\Transform_grow thin and back.sfx
125=f:\Flash\effects\Transform\Transform_rotate and grow.sfx
126=f:\Flash\effects\Transform\Transform_rotate and shrink.sfx
127=f:\Flash\effects\Transform\Transform_shrink back.sfx
128=f:\Flash\effects\Transform\Transform_spin in from behind.sfx
129=f:\Flash\effects\Transform\Transform_spin in from L and R.sfx
130=f:\Flash\effects\Transform\Transform_squeeze in and out.sfx
131=f:\Flash\effects\Transform\Transform_stream from L.sfx
132=f:\Flash\effects\Transform\Transform_stream from R.sfx
133=f:\Flash\effects\Transform\Transform_swell L go back.sfx
134=f:\Flash\effects\Transform\Transform_swell R go back.sfx
135=f:\Flash\effects\Transform\Transform_unsquash.sfx
136=f:\Flash\effects\Transform\Transform_unsqueeze 2.sfx
137=f:\Flash\effects\Transform\Transform_unsqueeze.sfx
138=f:\Flash\effects\Vortex\Vortex_ come apart_ small jump.sfx
139=f:\Flash\effects\Vortex\Vortex_ come in_ dissappear.sfx
140=f:\Flash\effects\Vortex\Vortex_ come in_ stand up.sfx
141=f:\Flash\effects\Vortex\Vortex_ come together_ small jump.sfx
142=f:\Flash\effects\Vortex\Vortex_ converge_ fly up.sfx
143=f:\Flash\effects\Vortex\Vortex_ drop fast.sfx
144=f:\Flash\effects\Vortex\Vortex_ fall down_ fly away.sfx
145=f:\Flash\effects\Vortex\Vortex_ in to  the box.sfx
146=f:\Flash\effects\Vortex\Vortex_ out of the box.sfx
147=f:\Flash\effects\Vortex\Vortex_ peel off_ dissappear.sfx
148=f:\Flash\effects\Vortex\Vortex_ random jumpback.sfx
149=f:\Flash\effects\Vortex\Vortex_ random_ jump in.sfx
150=f:\Flash\effects\Vortex\Vortex_ spin back.sfx
151=f:\Flash\effects\Vortex\Vortex_ spin out at ya.sfx
152=f:\Flash\effects\Vortex\Vortex_ spun and stretched.sfx
153=f:\Flash\effects\Vortex\Vortex_ sucked up.sfx
154=f:\Flash\effects\Vortex\Vortex_ up_ fly away top L.sfx
155=f:\Flash\effects\Vortex\Vortex_ up_ jump R down.sfx
156=f:\Flash\effects\Vortex\Vortex_ up_ slide forward.sfx
157=f:\Flash\effects\Vortex\Vortex_spin out wobble.sfx
158=f:\Flash\effects\Wave\Wave like a caterpillar.sfx
159=f:\Flash\effects\Wave\Wave_ arch and dive.sfx
160=f:\Flash\effects\Wave\Wave_ attached both ends.sfx
161=f:\Flash\effects\Wave\Wave_ attached_ stopped short.sfx
162=f:\Flash\effects\Wave\Wave_ can can L.sfx
163=f:\Flash\effects\Wave\Wave_ can can R.sfx
164=f:\Flash\effects\Wave\Wave_ coming at you.sfx
165=f:\Flash\effects\Wave\Wave_ dragged away.sfx
166=f:\Flash\effects\Wave\Wave_ drift like falling leaves.sfx
167=f:\Flash\effects\Wave\Wave_ executive toy.sfx
168=f:\Flash\effects\Wave\Wave_ going back_ coming around.sfx
169=f:\Flash\effects\Wave\Wave_ jump up_ turn around L.sfx
170=f:\Flash\effects\Wave\Wave_ like pistons.sfx
171=f:\Flash\effects\Wave\Wave_ mexican.sfx
172=f:\Flash\effects\Wave\Wave_ quick shuffle.sfx
173=f:\Flash\effects\Wave\Wave_ scurry around.sfx
174=f:\Flash\effects\Wave\Wave_ slow swell from L.sfx
175=f:\Flash\effects\Wave\Wave_ slow swell from R.sfx
176=f:\Flash\effects\Wave\Wave_ spin and fade.sfx
177=f:\Flash\effects\Wave\Wave_ yaay.sfx
178=f:\Flash\Swish2.chm
179=f:\Flash\lame_enc.dll
180=f:\Flash\LPGL.txt
181=C:\Documents and Settings\zam01\Start Menu\Programs\.\SWiSH v2.01.lnk
182=C:\Documents and Settings\zam01\Start Menu\Programs\SWiSH v2.01\SWiSH v2.01.lnk
183=C:\Documents and Settings\zam01\Start Menu\Programs\SWiSH v2.01\SWiSH v2.01 Help.lnk
184=f:\Flash\Swish2.exe
185=f:\Flash\logfile.txt
186=f:\Flash\SWiSH2RegMD5Update.reg
187=C:\Documents and Settings\zam01\Start Menu\Programs\SWiSH v2.01\Uninstall SWiSH v2.01.lnk
[Shortcuts]
0=C:\DOCUME~1\zam01\Desktop\SWISHV~1.LNK
[AlwaysRemoveRegKeys]
0=HKEY_CLASSES_ROOT,.swi
count=13
1=HKEY_CLASSES_ROOT,swifile
2=HKEY_CLASSES_ROOT,swifile
3=HKEY_CLASSES_ROOT,swifile\DefaultIcon
4=HKEY_CLASSES_ROOT,swifile
5=HKEY_CLASSES_ROOT,swifile\shell
6=HKEY_CLASSES_ROOT,swifile
7=HKEY_CLASSES_ROOT,swifile\shell
8=HKEY_CLASSES_ROOT,swifile\shell\open
9=HKEY_CLASSES_ROOT,swifile
10=HKEY_CLASSES_ROOT,swifile\shell
11=HKEY_CLASSES_ROOT,swifile\shell\open
12=HKEY_CLASSES_ROOT,swifile\shell\open\command
[RegKeys]
0=HKEY_CLASSES_ROOT,.swi
count=13
1=HKEY_CLASSES_ROOT,swifile
2=HKEY_CLASSES_ROOT,swifile
3=HKEY_CLASSES_ROOT,swifile\DefaultIcon
4=HKEY_CLASSES_ROOT,swifile
5=HKEY_CLASSES_ROOT,swifile\shell
6=HKEY_CLASSES_ROOT,swifile
7=HKEY_CLASSES_ROOT,swifile\shell
8=HKEY_CLASSES_ROOT,swifile\shell\open
9=HKEY_CLASSES_ROOT,swifile
10=HKEY_CLASSES_ROOT,swifile\shell
11=HKEY_CLASSES_ROOT,swifile\shell\open
12=HKEY_CLASSES_ROOT,swifile\shell\open\command
[Strings]
IDS_STRING1=Are you sure you want to completely remove the selected application and all of its components?
IDS_STRING2=Confirm File Deletion
IDS_STRING3=The system indicates that the following shared file is no longer used by any programs.
IDS_STRING4=Remove Shared File?
IDS_STRING5=Uninstall successfully completed.
IDS_STRING6=Uninstall
IDS_STRING7=If any programs are still using this file and it is removed, those programs may not function. Are you sure you want to remove the shared file?
IDS_STRING8=Uninstall was partially successful.
IDS_ADMINPRIVILEGESNEEDED=Administrative privileges are needed to uninstall this software.
IDS_YES=&Yes
IDS_NO=&No
IDS_YESTOALL=Yes to &All
IDS_REMOVINGFILE=Removing File:
