This is TeX, Version 3.14159 (Web2C 7.4.5) (format=latex 2003.3.13)  19 DEC 2003 15:12
**report3.tex
(./report3.tex
LaTeX2e <2001/06/01>
Babel <v3.7h> and hyphenation patterns for american, french, german, ngerman, b
asque, italian, portuges, russian, spanish, nohyphenation, loaded.
(/usr/share/texmf/tex/latex/base/report.cls
Document Class: report 2001/04/21 v1.4e Standard LaTeX document class
(/usr/share/texmf/tex/latex/base/size10.clo
File: size10.clo 2001/04/21 v1.4e Standard LaTeX file (size option)
)
\c@part=\count79
\c@chapter=\count80
\c@section=\count81
\c@subsection=\count82
\c@subsubsection=\count83
\c@paragraph=\count84
\c@subparagraph=\count85
\c@figure=\count86
\c@table=\count87
\abovecaptionskip=\skip41
\belowcaptionskip=\skip42
\bibindent=\dimen102
)
(/usr/share/texmf/tex/latex/graphics/graphicx.sty
Package: graphicx 1999/02/16 v1.0f Enhanced LaTeX Graphics (DPC,SPQR)

(/usr/share/texmf/tex/latex/graphics/keyval.sty
Package: keyval 1999/03/16 v1.13 key=value parser (DPC)
\KV@toks@=\toks14
)
(/usr/share/texmf/tex/latex/graphics/graphics.sty
Package: graphics 2001/07/07 v1.0n Standard LaTeX Graphics (DPC,SPQR)

(/usr/share/texmf/tex/latex/graphics/trig.sty
Package: trig 1999/03/16 v1.09 sin cos tan (DPC)
)
(/usr/share/texmf/tex/latex/config/graphics.cfg
File: graphics.cfg 2001/08/31 v1.1 graphics configuration of teTeX/TeXLive
)
Package graphics Info: Driver file: dvips.def on input line 80.

(/usr/share/texmf/tex/latex/graphics/dvips.def
File: dvips.def 1999/02/16 v3.0i Driver-dependant file (DPC,SPQR)
))
\Gin@req@height=\dimen103
\Gin@req@width=\dimen104
) (./report3.aux

LaTeX Warning: Label `figLineList' multiply defined.


LaTeX Warning: Label `figLineList' multiply defined.


LaTeX Warning: Label `figLineList' multiply defined.

)
\openout1 = `report3.aux'.

LaTeX Font Info:    Checking defaults for OML/cmm/m/it on input line 3.
LaTeX Font Info:    ... okay on input line 3.
LaTeX Font Info:    Checking defaults for T1/cmr/m/n on input line 3.
LaTeX Font Info:    ... okay on input line 3.
LaTeX Font Info:    Checking defaults for OT1/cmr/m/n on input line 3.
LaTeX Font Info:    ... okay on input line 3.
LaTeX Font Info:    Checking defaults for OMS/cmsy/m/n on input line 3.
LaTeX Font Info:    ... okay on input line 3.
LaTeX Font Info:    Checking defaults for OMX/cmex/m/n on input line 3.
LaTeX Font Info:    ... okay on input line 3.
LaTeX Font Info:    Checking defaults for U/cmr/m/n on input line 3.
LaTeX Font Info:    ... okay on input line 3.
LaTeX Font Info:    External font `cmex10' loaded for size
(Font)              <12> on input line 20.
LaTeX Font Info:    External font `cmex10' loaded for size
(Font)              <8> on input line 20.
LaTeX Font Info:    External font `cmex10' loaded for size
(Font)              <6> on input line 20.
 [1

] (./report3.toc
LaTeX Font Info:    External font `cmex10' loaded for size
(Font)              <7> on input line 2.
LaTeX Font Info:    External font `cmex10' loaded for size
(Font)              <5> on input line 2.
 [1

])
\tf@toc=\write3
\openout3 = `report3.toc'.

 [2] (./report3.lof)
\tf@lof=\write4
\openout4 = `report3.lof'.

 [3

] (./report3.lot)
\tf@lot=\write5
\openout5 = `report3.lot'.

 [4

]
Chapter 1.
(./ProjectBrief.tex) [5

]
Chapter 2.
(./Specifications.tex
LaTeX Font Info:    Try loading font information for OMS+cmr on input line 11.
 (/usr/share/texmf/tex/latex/base/omscmr.fd
File: omscmr.fd 1999/05/25 v2.5h Standard LaTeX font definitions
)
LaTeX Font Info:    Font shape `OMS/cmr/m/n' in size <10> not available
(Font)              Font shape `OMS/cmsy/m/n' tried instead on input line 11.
File: linelist.eps Graphic file (type eps)

<linelist.eps> [6

]
File: operands.eps Graphic file (type eps)
 <operands.eps>
Overfull \hbox (37.73892pt too wide) in paragraph at lines 47--48
\OT1/cmr/m/n/10 MIPS In-struc-tions' be-haviour is spec-i-fied. The \OT1/cmtt/m
/n/10 Assembler \OT1/cmr/m/n/10 builds the \OT1/cmtt/m/n/10 InstructionTable\OT
1/cmr/m/n/10 ,
 []

[7]) [8] [9]
Chapter 3.
(./DetailedDescriptions.tex (./dd-lexer.tex
File: parseruml.eps Graphic file (type eps)
 <parseruml.eps>
Overfull \hbox (7.31624pt too wide) in paragraph at lines 12--13
[][] 
 []

[10

]
LaTeX Font Info:    Try loading font information for OMS+cmtt on input line 37.

LaTeX Font Info:    No file OMScmtt.fd. on input line 37.


LaTeX Font Warning: Font shape `OMS/cmtt/m/n' undefined
(Font)              using `OMS/cmsy/m/n' instead
(Font)              for symbol `textbackslash' on input line 37.


Overfull \hbox (1.4984pt too wide) in paragraph at lines 61--63
[]\OT1/cmtt/m/n/10 getOriginalLine() \OT1/cmr/m/n/10 re-turns: a \OT1/cmtt/m/n/
10 String \OT1/cmr/m/n/10 con-tain-ing: ``\OT1/cmtt/m/n/10 add $a1, $a2, $a3\OT
1/cmr/m/n/10 '' 
 []

[11]
File: parserflow.eps Graphic file (type eps)
 <parserflow.eps> [12] [13]
File: parsergeneration.eps Graphic file (type eps)
 <parsergeneration.eps> [14]) [15]
(./dd-assembler.tex
File: AssemblerDFD3.eps Graphic file (type eps)
 <AssemblerDFD3.eps> [16] [17]
Overfull \hbox (7.40277pt too wide) in paragraph at lines 60--61
[]\OT1/cmr/m/n/10 This com-po-nent is de-signed to take a pro-vided set of oper
ands
 []

[18] [19]
Missing character: There is no ^^85 in font cmr10!

Overfull \hbox (2.8884pt too wide) in paragraph at lines 168--169
[]\OT1/cmr/m/n/10 This is achieved by util-is-ing the Load-Table-FromXML() meth
od within
 []

[20]
Overfull \hbox (36.93582pt too wide) in paragraph at lines 180--183
[]\OT1/cmr/m/n/10 SymbolTable Re-set any map-pings from sym-bols to ad-dresses.
 ToBeDoneTable
 []

[21]
File: AssemblerDFD1.eps Graphic file (type eps)
 <AssemblerDFD1.eps> [22] [23] [24]
File: AssemblerDFD2.eps Graphic file (type eps)
 <AssemblerDFD2.eps> [25] [26] [27]
Overfull \hbox (22.4968pt too wide) in paragraph at lines 407--407
[]\OT1/cmtt/m/n/10 DocumentBuilderFactory factory = DocumentBuilderFactory.newI
nstance();[] 
 []

[28] [29]
Overfull \hbox (0.2228pt too wide) in paragraph at lines 490--491
\OT1/cmr/m/n/10 that are utilised by the As-sem-bler, the Operand-Han-dler and 
the As-sem-blerXML-
 []

[30]
Overfull \hbox (1.50003pt too wide) in paragraph at lines 496--497
[]\OT1/cmr/m/n/10 Another com-mon fea-ture across all the ta-bles is the use of
 mul-ti-ple []\OT1/cmtt/m/n/10 get____()
 []

[31] [32]) [33] (./dd-processor.tex
File: processor-overview.eps Graphic file (type eps)
 <processor-overview.eps>
File: processor-uml.eps Graphic file (type eps)

<processor-uml.eps>
Overfull \hbox (13.63957pt too wide) in paragraph at lines 34--35
[]\OT1/cmr/m/n/10 public Pro-ces-sor(YAMSController yam-scon-troller, In-put-St
ream in, PrintStream
 []

[34] [35]
File: processor-cycle.eps Graphic file (type eps)
 <processor-cycle.eps> [36] [37] [38]
Overfull \hbox (38.41736pt too wide) in paragraph at lines 160--168
 [] 
 []

[39]
Overfull \hbox (1.49847pt too wide) in paragraph at lines 206--209
\OT1/cmr/m/n/10 duces as out-put a Java source file: []\OT1/cmtt/m/n/10 yams.pr
ocessor.InstructionHandler.java
 []

[40]
Overfull \hbox (2.1672pt too wide) in paragraph at lines 217--218
[]\OT1/cmr/m/n/10 The Java-code as-so-ci-ated with the in-struc-tion is placed 
in-side the if-statement,
 []


Overfull \hbox (26.24843pt too wide) in paragraph at lines 221--222
[]\OT1/cmr/m/n/10 SOURCE: Per-ti-nent tags for 'add' in-struc-tion in XML file,
 []\OT1/cmtt/m/n/10 Instruction_file.xml 
 []


Overfull \hbox (17.24684pt too wide) in paragraph at lines 234--234
[]  \OT1/cmtt/m/n/10 <CoreMachineCode>000000bbbbbcccccaaaaa00000100000</CoreMac
hineCode>[] 
 []


Overfull \hbox (37.74939pt too wide) in paragraph at lines 236--237
[]\OT1/cmr/m/n/10 OUTPUT: If-statement for 'add' in-struc-tion in gen-er-ated [
]\OT1/cmtt/m/n/10 InstructionHandler.java 
 []

[41]) [42] (./dd-gui.tex
Overfull \hbox (4.19363pt too wide) in paragraph at lines 4--5
[]\OT1/cmr/m/n/10 The \OT1/cmtt/m/n/10 start \OT1/cmr/m/n/10 method be-gins by 
call-ing \OT1/cmtt/m/n/10 setUpGui() \OT1/cmr/m/n/10 which cre-ates the \OT1/cm
tt/m/n/10 mainFrame
 []

File: YAMSPanelClasses.eps Graphic file (type eps)
<YAMSPanelClasses.eps> [43] [44]
Overfull \hbox (45.16519pt too wide) in paragraph at lines 88--89
[]\OT1/cmr/m/n/10 Finally, the \OT1/cmtt/m/n/10 init() \OT1/cmr/m/n/10 meth-ods
 in the \OT1/cmtt/m/n/10 data \OT1/cmr/m/n/10 and \OT1/cmtt/m/n/10 code \OT1/cm
r/m/n/10 (\OT1/cmtt/m/n/10 DataPanel \OT1/cmr/m/n/10 and \OT1/cmtt/m/n/10 Progr
amCodePanel\OT1/cmr/m/n/10 )
 []


Overfull \hbox (1.2779pt too wide) in paragraph at lines 107--108
[]\OT1/cmr/m/n/10 The first con-tains a la-bel in-di-cat-ing the sta-tus of the
 pro-ces-sor, four \OT1/cmtt/m/n/10 JButtons
 []

[45]
Overfull \hbox (55.0621pt too wide) in paragraph at lines 117--117
[][]$\OML/cmm/m/it/8 http \OT1/cmr/m/n/8 : \OML/cmm/m/it/8 ==www:fawcette:com=j
avapro=\OT1/cmr/m/n/8 2002[]02\OML/cmm/m/it/8 =magazine=columns=visualcomponent
s=default[]pf:aspx$| 
 []


Overfull \hbox (37.5276pt too wide) in paragraph at lines 134--135
\OT1/cmr/m/n/10 Rather than have a sep-a-rate class for han-dling clicks of thi
s but-ton, the \OT1/cmtt/m/n/10 StatisticsPanel
 []


Overfull \hbox (0.68524pt too wide) in paragraph at lines 141--142
\OT1/cmr/m/n/10 trols the mu-tu-ally ex-clu-sive vis-i-bil-ity of them. All pan
-els con-tain a \OT1/cmtt/m/n/10 JEditorPane\OT1/cmr/m/n/10 .
 []

File: GraphsClasses.eps Graphic file (type eps)
<GraphsClasses.eps>
Overfull \hbox (5.7673pt too wide) in paragraph at lines 151--152
\OT1/cmtt/m/n/10 RegisterManager\OT1/cmr/m/n/10 , both of which are ac-ces-si-b
le via the \OT1/cmtt/m/n/10 processor\OT1/cmr/m/n/10 . The \OT1/cmtt/m/n/10 ren
der()
 []


Overfull \hbox (63.637pt too wide) in paragraph at lines 155--156
[]\OT1/cmr/m/n/10 The \OT1/cmtt/m/n/10 InstructionUsageGraphPanel \OT1/cmr/m/n/
10 fol-lows the same for-mat as the \OT1/cmtt/m/n/10 LineAccessGraphPanel
 []

[46]
Overfull \hbox (1.16534pt too wide) in paragraph at lines 160--161
\OT1/cmtt/m/n/10 ConsoleStream \OT1/cmr/m/n/10 which is an ex-ten-sion of an \O
T1/cmtt/m/n/10 OutputStream \OT1/cmr/m/n/10 so that the \OT1/cmtt/m/n/10 proces
sor
 []

File: ProcessorHandler.eps Graphic file (type eps)
<ProcessorHandler.eps>)) [47] [48]
Chapter 4.
(./UsingTheSoftware.tex (./using-requirements.tex
Overfull \hbox (43.6941pt too wide) in paragraph at lines 11--12
[]\OT1/cmr/m/n/10 Otherwise, you'll need to down-load and in-stall a JRE from s
un at: http://java.sun.com. 
 []

) (./using-console.tex [49

] [50] [51] [52]) (./using-gui.tex
File: Ch4-Fig2.eps Graphic file (type eps)
 <Ch4-Fig2.eps>

LaTeX Warning: `h' float specifier changed to `ht'.

File: Ch4-Fig3.eps Graphic file (type eps)
<Ch4-Fig3.eps>

LaTeX Warning: `h' float specifier changed to `ht'.

File: Ch4-Fig4.eps Graphic file (type eps)
<Ch4-Fig4.eps> [53]

LaTeX Warning: `h' float specifier changed to `ht'.

File: Ch4-Fig5.eps Graphic file (type eps)
<Ch4-Fig5.eps>

LaTeX Warning: `h' float specifier changed to `ht'.

[54] [55]
File: Ch4-Fig6.eps Graphic file (type eps)
 <Ch4-Fig6.eps>

LaTeX Warning: `h' float specifier changed to `ht'.

) (./using-adding.tex [56]
Overfull \hbox (41.27725pt too wide) in paragraph at lines 34--35
\OT1/cmr/m/n/10 signed such that this code can be di-rectly con-tained within [
]\OT1/cmtt/m/n/10 <Javacode></Javacode>
 []

[57]

LaTeX Warning: No positions in optional float specifier.
               Default added (so using `tbp') on input line 55.

[58] [59] [60] [61]

LaTeX Warning: No positions in optional float specifier.
               Default added (so using `tbp') on input line 208.


Overfull \hbox (21.17137pt too wide) in paragraph at lines 210--222
 [] 
 []


Overfull \hbox (34.13872pt too wide) in paragraph at lines 234--235
\OT1/cmr/m/n/10 tion for the operand types thus there will be a cor-re-spond-in
g []\OT1/cmtt/m/n/10 <OperandTypes>
 []

[62] [63]
Overfull \hbox (10.74715pt too wide) in paragraph at lines 323--323
 []    \OT1/cmtt/m/n/10 <MachineCode>000000bbbbbcccccaaaaa00000100000</MachineC
ode>[] 
 []


Overfull \hbox (10.74715pt too wide) in paragraph at lines 323--323
 []    \OT1/cmtt/m/n/10 <MachineCode>001000bbbbbaaaaacccccccccccccccc</MachineC
ode>[] 
 []

[64] [65]

LaTeX Warning: No positions in optional float specifier.
               Default added (so using `tbp') on input line 372.


Overfull \hbox (7.25397pt too wide) in paragraph at lines 376--376
[]\OT1/cmr/m/n/10 Character
 []


Underfull \hbox (badness 10000) in paragraph at lines 376--377
[]\OT1/cmr/m/n/10 Corresponding Parser
 []


Overfull \hbox (7.957pt too wide) in paragraph at lines 374--393
 [] 
 []


Overfull \hbox (19.05994pt too wide) in paragraph at lines 400--401
\OT1/cmr/m/n/10 rep-re-sen-ta-tion for reg-is-ters, thus []\OT1/cmtt/m/n/10 <Op
erandCode>111</OperandCode> 
 []


LaTeX Warning: No positions in optional float specifier.
               Default added (so using `tbp') on input line 414.

[66] [67]
Overfull \hbox (7.83388pt too wide) in paragraph at lines 443--444
\OT1/cmr/m/n/10 ma-chine code rep-re-sen-ta-tion with "gaps" where the com-pute
d operands
 []


LaTeX Warning: No positions in optional float specifier.
               Default added (so using `tbp') on input line 467.


Underfull \hbox (badness 10000) in paragraph at lines 470--471
[]\OT1/cmr/m/n/10 Required []\OT1/cmtt/m/n/10 <Op>
 []

[68] [69]

LaTeX Warning: No positions in optional float specifier.
               Default added (so using `tbp') on input line 558.


Overfull \hbox (0.75859pt too wide) in paragraph at lines 560--569
 [] 
 []

[70]

LaTeX Warning: No positions in optional float specifier.
               Default added (so using `tbp') on input line 589.

[71]
Overfull \hbox (27.08682pt too wide) in paragraph at lines 660--670
 [] 
 []


Overfull \hbox (16.83272pt too wide) in paragraph at lines 692--693
[]\OT1/cmr/m/n/10 The Java code should be placed be-tween the []\OT1/cmtt/m/n/1
0 <Javacode> \OT1/cmr/m/n/10 and the []\OT1/cmtt/m/n/10 </Javacode>
 []

[72]
Overfull \hbox (7.19675pt too wide) in paragraph at lines 704--705
[]\OT1/cmr/bx/n/10 N.B. All spe-cial char-ac-ters, such as []\OT1/cmtt/m/n/10 &
 \OT1/cmr/bx/n/10 (am-per-sand), []\OT1/cmtt/m/n/10 < \OT1/cmr/bx/n/10 (left ch
evron)
 []


Overfull \hbox (7.49756pt too wide) in paragraph at lines 716--718
[]\OT1/cmtt/m/n/10 [xslt] : Fatal Error! org.xml.sax.SAXParseException:
 []


Overfull \hbox (2.2476pt too wide) in paragraph at lines 716--718
\OT1/cmtt/m/n/10 Illegal character or entity reference syntax. Cause:
 []


Overfull \hbox (33.74733pt too wide) in paragraph at lines 716--718
\OT1/cmtt/m/n/10 org.xml.sax.SAXParseException: Illegal character or entity
 []

[73] [74]

LaTeX Warning: No positions in optional float specifier.
               Default added (so using `tbp') on input line 836.


LaTeX Warning: No positions in optional float specifier.
               Default added (so using `tbp') on input line 860.


LaTeX Warning: No positions in optional float specifier.
               Default added (so using `tbp') on input line 880.

LaTeX Font Info:    External font `cmex10' loaded for size
(Font)              <9> on input line 883.

Underfull \hbox (badness 10000) in paragraph at lines 889--890
[]\OT1/cmr/m/n/9 1 x IN-STRUC-
 []


Underfull \hbox (badness 10000) in paragraph at lines 889--890
\OT1/cmr/m/n/9 TION[]TYPE + 1 x
 []


Underfull \hbox (badness 3439) in paragraph at lines 891--892
[]\OT1/cmr/m/n/9 1+ x comma sep-a-rated
 []


Underfull \hbox (badness 10000) in paragraph at lines 895--896
\OT1/cmr/m/n/9 ap-pro-pri-ate char-ac-ter
 []


Overfull \hbox (54.58195pt too wide) in paragraph at lines 883--909
 [] 
 []

[75]

LaTeX Warning: No positions in optional float specifier.
               Default added (so using `tbp') on input line 921.


Underfull \hbox (badness 1087) in paragraph at lines 930--931
[]\OT1/cmr/m/n/8 Index 1+ cor-re-spond-ing in
 []


Underfull \hbox (badness 1694) in paragraph at lines 931--932
[]\OT1/cmr/m/n/8 Corresponding operand en-
 []


Overfull \hbox (68.09929pt too wide) in paragraph at lines 924--940
 [] 
 []


LaTeX Warning: No positions in optional float specifier.
               Default added (so using `tbp') on input line 947.


LaTeX Warning: No positions in optional float specifier.
               Default added (so using `tbp') on input line 998.

[76] [77] [78])) [79]
Chapter 5.
(./Evaluation.tex [80

] [81] [82] [83]) [84] (./report3.aux)

LaTeX Font Warning: Some font shapes were not available, defaults substituted.


LaTeX Warning: There were multiply-defined labels.

 ) 
Here is how much of TeX's memory you used:
 717 strings out of 95796
 8793 string characters out of 1191756
 65254 words of memory out of 1000001
 3630 multiletter control sequences out of 10000+50000
 10868 words of font info for 39 fonts, out of 500000 for 1000
 26 hyphenation exceptions out of 1000
 25i,10n,21p,972b,582s stack positions out of 3000i,1500n,5000p,200000b,15000s

Output written on report3.dvi (85 pages, 229944 bytes).
