
Unexpected Signal : 11 occurred at PC=0x402D97D5
Function=allocate_handle__14JNIHandleBlockP7oopDesc+0x9
Library=/usr/java/j2sdk1.4.0_01/jre/lib/i386/client/libjvm.so

Current Java thread:
	at java.io.FileOutputStream.writeBytes(Native Method)
	at java.io.FileOutputStream.write(FileOutputStream.java:257)
	at java.io.BufferedOutputStream.flushBuffer(BufferedOutputStream.java:69)
	at java.io.BufferedOutputStream.flush(BufferedOutputStream.java:127)
	- locked <0x445fe350> (a java.io.BufferedOutputStream)
	at java.io.PrintStream.write(PrintStream.java:260)
	- locked <0x445f9900> (a java.io.PrintStream)
	at sun.nio.cs.StreamEncoder$CharsetSE.writeBytes(StreamEncoder.java:334)
	at sun.nio.cs.StreamEncoder$CharsetSE.implFlushBuffer(StreamEncoder.java:403)
	at sun.nio.cs.StreamEncoder.flushBuffer(StreamEncoder.java:113)
	- locked <0x445f98c0> (a java.io.OutputStreamWriter)
	at java.io.OutputStreamWriter.flushBuffer(OutputStreamWriter.java:169)
	at java.io.PrintStream.newLine(PrintStream.java:324)
	- locked <0x445f9900> (a java.io.PrintStream)
	at java.io.PrintStream.println(PrintStream.java:586)
	- locked <0x445f9900> (a java.io.PrintStream)
	at textTranslator.translateCompExpr(textTranslator.java:191)
	at textTranslator.translateCompExpr(textTranslator.java:209)
	at textTranslator.translateCompExpr(textTranslator.java:209)
	at textTranslator.translateCompExpr(textTranslator.java:209)
	at textTranslator.translateCompExpr(textTranslator.java:209)
	at textTranslator.translateCompExpr(textTranslator.java:209)
	at textTranslator.translateCompExpr(textTranslator.java:209)
	at textTranslator.translateCompExpr(textTranslator.java:209)
	at textTranslator.translateCompExpr(textTranslator.java:209)
	at textTranslator.translateCompExpr(textTranslator.java:209)
	at textTranslator.translateCompExpr(textTranslator.java:209)
	at textTranslator.translateCompExpr(textTranslator.java:209)
	at textTranslator.translateCompExpr(textTranslator.java:209)
	at textTranslator.translateCompExpr(textTranslator.java:209)
	at textTranslator.translateCompExpr(textTranslator.java:209)
	at textTranslator.translateCompExpr(textTranslator.java:209)
	at textTranslator.translateCompExpr(textTranslator.java:209)
	at textTranslator.translateCompExpr(textTranslator.java:209)
	at textTranslator.translateCompExpr(textTranslator.java:209)
	at textTranslator.translateCompExpr(textTranslator.java:209)
	at textTranslator.translateCompExpr(textTranslator.java:209)
	at textTranslator.translateCompExpr(textTranslator.java:209)
	at textTranslator.translateCompExpr(textTranslator.java:209)
	at textTranslator.translateCompExpr(textTranslator.java:209)
	at textTranslator.translateCompExpr(textTranslator.java:209)
	at textTranslator.translateCompExpr(textTranslator.java:209)
	at textTranslator.translateCompExpr(textTranslator.java:209)
	at textTranslator.translateCompExpr(textTranslator.java:209)
	at textTranslator.translateCompExpr(textTranslator.java:209)
	at textTranslator.translateCompExpr(textTranslator.java:209)
	at textTranslator.translateCompExpr(textTranslator.java:209)
	at textTranslator.translateCompExpr(textTranslator.java:209)
	at textTranslator.translateCompExpr(textTranslator.java:209)
	at textTranslator.translateCompExpr(textTranslator.java:209)
	at textTranslator.translateCompExpr(textTranslator.java:209)
	at textTranslator.translateCompExpr(textTranslator.java:209)
	at textTranslator.translateCompExpr(textTranslator.java:209)
	at textTranslator.translateCompExpr(textTranslator.java:209)
	at textTranslator.translateCompExpr(textTranslator.java:209)
	at textTranslator.translateCompExpr(textTranslator.java:209)
	at textTranslator.translateCompExpr(textTranslator.java:209)
	at textTranslator.translateCompExpr(textTranslator.java:209)
	at textTranslator.translateCompExpr(textTranslator.java:209)
	at textTranslator.translateCompExpr(textTranslator.java:209)
	at textTranslator.translateCompExpr(textTranslator.java:209)
	at textTranslator.translateCompExpr(textTranslator.java:209)
	at textTranslator.translateCompExpr(textTranslator.java:209)
	at textTranslator.translateCompExpr(textTranslator.java:209)
	at textTranslator.translateCompExpr(textTranslator.java:209)
	at textTranslator.translateCompExpr(textTranslator.java:209)
	at textTranslator.translateCompExpr(textTranslator.java:209)
	at textTranslator.translateCompExpr(textTranslator.java:209)
	at textTranslator.translateCompExpr(textTranslator.java:209)
	at textTranslator.translateCompExpr(textTranslator.java:209)
	at textTranslator.translateCompExpr(textTranslator.java:209)
	at textTranslator.translateCompExpr(textTranslator.java:209)
	at textTranslator.translateCompExpr(textTranslator.java:209)
	at textTranslator.translateCompExpr(textTranslator.java:209)
	at textTranslator.translateCompExpr(textTranslator.java:209)
	at textTranslator.translateCompExpr(textTranslator.java:209)
	at textTranslator.translateCompExpr(textTranslator.java:209)
	at textTranslator.translateCompExpr(textTranslator.java:209)
	at textTranslator.translateCompExpr(textTranslator.java:209)
	at textTranslator.translateCompExpr(textTranslator.java:209)
	at textTranslator.translateCompExpr(textTranslator.java:209)
	at textTranslator.translateCompExpr(textTranslator.java:209)
	at textTranslator.translateCompExpr(textTranslator.java:209)
	at textTranslator.translateCompExpr(textTranslator.java:209)
	at textTranslator.translateCompExpr(textTranslator.java:209)
	at textTranslator.translateCompExpr(textTranslator.java:209)
	at textTranslator.translateCompExpr(textTranslator.java:209)
	at textTranslator.translateCompExpr(textTranslator.java:209)
	at textTranslator.translateCompExpr(textTranslator.java:209)
	at textTranslator.translateCompExpr(textTranslator.java:209)
	at textTranslator.translateCompExpr(textTranslator.java:209)
	at textTranslator.translateCompExpr(textTranslator.java:209)
	at textTranslator.translateCompExpr(textTranslator.java:209)
	at textTranslator.translateCompExpr(textTranslator.java:209)
	at textTranslator.translateCompExpr(textTranslator.java:209)
	at textTranslator.translateCompExpr(textTranslator.java:209)
	at textTranslator.translateCompExpr(textTranslator.java:209)
	at textTranslator.translateCompExpr(textTranslator.java:209)
	at textTranslator.translateCompExpr(textTranslator.java:209)
	at textTranslator.translateCompExpr(textTranslator.java:209)
	at textTranslator.translateCompExpr(textTranslator.java:209)
	at textTranslator.translateCompExpr(textTranslator.java:209)
	at textTranslator.translateCompExpr(textTranslator.java:209)
	at textTranslator.translateCompExpr(textTranslator.java:209)
	at textTranslator.translateCompExpr(textTranslator.java:209)
	at textTranslator.translateCompExpr(textTranslator.java:209)
	at textTranslator.translateCompExpr(textTranslator.java:209)
	at textTranslator.translateCompExpr(textTranslator.java:209)
	at textTranslator.translateCompExpr(textTranslator.java:209)
	at textTranslator.translateCompExpr(textTranslator.java:209)
	at textTranslator.translateCompExpr(textTranslator.java:209)
	at textTranslator.translateCompExpr(textTranslator.java:209)
	at textTranslator.translateCompExpr(textTranslator.java:209)
	at textTranslator.translateCompExpr(textTranslator.java:209)
	at textTranslator.translateCompExpr(textTranslator.java:209)
	at textTranslator.translateCompExpr(textTranslator.java:209)
	at textTranslator.translateCompExpr(textTranslator.java:209)
	at textTranslator.translateCompExpr(textTranslator.java:209)
	at textTranslator.translateCompExpr(textTranslator.java:209)
	at textTranslator.translateCompExpr(textTranslator.java:209)
	at textTranslator.translateCompExpr(textTranslator.java:209)
	at textTranslator.translateCompExpr(textTranslator.java:209)
	at textTranslator.translateCompExpr(textTranslator.java:209)
	at textTranslator.translateCompExpr(textTranslator.java:209)
	at textTranslator.translateCompExpr(textTranslator.java:209)
	at textTranslator.translateCompExpr(textTranslator.java:209)
	at textTranslator.translateCompExpr(textTranslator.java:209)
	at textTranslator.translateCompExpr(textTranslator.java:209)
	at textTranslator.translateCompExpr(textTranslator.java:209)
	at textTranslator.translateCompExpr(textTranslator.java:209)
	at textTranslator.translateCompExpr(textTranslator.java:209)
	at textTranslator.translateCompExpr(textTranslator.java:209)
	at textTranslator.translateCompExpr(textTranslator.java:209)
	at textTranslator.translateCompExpr(textTranslator.java:209)
	at textTranslator.translateCompExpr(textTranslator.java:209)
	at textTranslator.translateCompExpr(textTranslator.java:209)
	at textTranslator.translateCompExpr(textTranslator.java:209)
	at textTranslator.translateCompExpr(textTranslator.java:209)
	at textTranslator.translateCompExpr(textTranslator.java:209)
	at textTranslator.translateCompExpr(textTranslator.java:209)
	at textTranslator.translateCompExpr(textTranslator.java:209)
	at textTranslator.translateCompExpr(textTranslator.java:209)
	at textTranslator.translateCompExpr(textTranslator.java:209)
	at textTranslator.translateCompExpr(textTranslator.java:209)
	at textTranslator.translateCompExpr(textTranslator.java:209)
	at textTranslator.translateCompExpr(textTranslator.java:209)
	at textTranslator.translateCompExpr(textTranslator.java:209)
	at textTranslator.translateCompExpr(textTranslator.java:209)
	at textTranslator.translateCompExpr(textTranslator.java:209)
	at textTranslator.translateCompExpr(textTranslator.java:209)
	at textTranslator.translateCompExpr(textTranslator.java:209)
	at textTranslator.translateCompExpr(textTranslator.java:209)
	at textTranslator.translateCompExpr(textTranslator.java:209)
	at textTranslator.translateCompExpr(textTranslator.java:209)
	at textTranslator.translateCompExpr(textTranslator.java:209)
	at textTranslator.translateCompExpr(textTranslator.java:209)
	at textTranslator.translateCompExpr(textTranslator.java:209)
	at textTranslator.translateCompExpr(textTranslator.java:209)
	at textTranslator.translateCompExpr(textTranslator.java:209)
	at textTranslator.translateCompExpr(textTranslator.java:209)
	at textTranslator.translateCompExpr(textTranslator.java:209)
	at textTranslator.translateCompExpr(textTranslator.java:209)
	at textTranslator.translateCompExpr(textTranslator.java:209)
	at textTranslator.translateCompExpr(textTranslator.java:209)
	at textTranslator.translateCompExpr(textTranslator.java:209)
	at textTranslator.translateCompExpr(textTranslator.java:209)
	at textTranslator.translateCompExpr(textTranslator.java:209)
	at textTranslator.translateCompExpr(textTranslator.java:209)
	at textTranslator.translateCompExpr(textTranslator.java:209)
	at textTranslator.translateCompExpr(textTranslator.java:209)
	at textTranslator.translateCompExpr(textTranslator.java:209)
	at textTranslator.translateCompExpr(textTranslator.java:209)
	at textTranslator.translateCompExpr(textTranslator.java:209)
	at textTranslator.translateCompExpr(textTranslator.java:209)
	at textTranslator.translateCompExpr(textTranslator.java:209)
	at textTranslator.translateCompExpr(textTranslator.java:209)
	at textTranslator.translateCompExpr(textTranslator.java:209)
	at textTranslator.translateCompExpr(textTranslator.java:209)
	at textTranslator.translateCompExpr(textTranslator.java:209)
	at textTranslator.translateCompExpr(textTranslator.java:209)
	at textTranslator.translateCompExpr(textTranslator.java:209)
	at textTranslator.translateCompExpr(textTranslator.java:209)
	at textTranslator.translateCompExpr(textTranslator.java:209)
	at textTranslator.translateCompExpr(textTranslator.java:209)
	at textTranslator.translateCompExpr(textTranslator.java:209)
	at textTranslator.translateCompExpr(textTranslator.java:209)
	at textTranslator.translateCompExpr(textTranslator.java:209)
	at textTranslator.translateCompExpr(textTranslator.java:209)
	at textTranslator.translateCompExpr(textTranslator.java:209)
	at textTranslator.translateCompExpr(textTranslator.java:209)
	at textTranslator.translateCompExpr(textTranslator.java:209)
	at textTranslator.translateCompExpr(textTranslator.java:209)
	at textTranslator.translateCompExpr(textTranslator.java:209)
	at textTranslator.translateCompExpr(textTranslator.java:209)
	at textTranslator.translateCompExpr(textTranslator.java:209)
	at textTranslator.translateCompExpr(textTranslator.java:209)
	at textTranslator.translateCompExpr(textTranslator.java:209)
	at textTranslator.translateCompExpr(textTranslator.java:209)
	at textTranslator.translateCompExpr(textTranslator.java:209)
	at textTranslator.translateCompExpr(textTranslator.java:209)
	at textTranslator.translateCompExpr(textTranslator.java:209)
	at textTranslator.translateCompExpr(textTranslator.java:209)
	at textTranslator.translateCompExpr(textTranslator.java:209)
	at textTranslator.translateCompExpr(textTranslator.java:209)
	at textTranslator.translateCompExpr(textTranslator.java:209)
	at textTranslator.translateCompExpr(textTranslator.java:209)
	at textTranslator.translateCompExpr(textTranslator.java:209)
	at textTranslator.translateCompExpr(textTranslator.java:209)
	at textTranslator.translateCompExpr(textTranslator.java:209)
	at textTranslator.translateCompExpr(textTranslator.java:209)
	at textTranslator.translateCompExpr(textTranslator.java:209)
	at textTranslator.translateCompExpr(textTranslator.java:209)
	at textTranslator.translateCompExpr(textTranslator.java:209)
	at textTranslator.translateCompExpr(textTranslator.java:209)
	at textTranslator.translateCompExpr(textTranslator.java:209)
	at textTranslator.translateCompExpr(textTranslator.java:209)
	at textTranslator.translateCompExpr(textTranslator.java:209)
	at textTranslator.translateCompExpr(textTranslator.java:209)
	at textTranslator.translateCompExpr(textTranslator.java:209)
	at textTranslator.translateCompExpr(textTranslator.java:209)
	at textTranslator.translateCompExpr(textTranslator.java:209)
	at textTranslator.translateCompExpr(textTranslator.java:209)
	at textTranslator.translateCompExpr(textTranslator.java:209)
	at textTranslator.translateCompExpr(textTranslator.java:209)
	at textTranslator.translateCompExpr(textTranslator.java:209)
	at textTranslator.translateCompExpr(textTranslator.java:209)
	at textTranslator.translateCompExpr(textTranslator.java:209)
	at textTranslator.translateCompExpr(textTranslator.java:209)
	at textTranslator.translateCompExpr(textTranslator.java:209)
	at textTranslator.translateCompExpr(textTranslator.java:209)
	at textTranslator.translateCompExpr(textTranslator.java:209)
	at textTranslator.translateCompExpr(textTranslator.java:209)
	at textTranslator.translateCompExpr(textTranslator.java:209)
	at textTranslator.translateCompExpr(textTranslator.java:209)
	at textTranslator.translateCompExpr(textTranslator.java:209)
	at textTranslator.translateCompExpr(textTranslator.java:209)
	at textTranslator.translateCompExpr(textTranslator.java:209)
	at textTranslator.translateCompExpr(textTranslator.java:209)
	at textTranslator.translateCompExpr(textTranslator.java:209)
	at textTranslator.translateCompExpr(textTranslator.java:209)
	at textTranslator.translateCompExpr(textTranslator.java:209)
	at textTranslator.translateCompExpr(textTranslator.java:209)
	at textTranslator.translateCompExpr(textTranslator.java:209)
	at textTranslator.translateCompExpr(textTranslator.java:209)
	at textTranslator.translateCompExpr(textTranslator.java:209)
	at textTranslator.translateCompExpr(textTranslator.java:209)
	at textTranslator.translateCompExpr(textTranslator.java:209)
	at textTranslator.translateCompExpr(textTranslator.java:209)
	at textTranslator.translateCompExpr(textTranslator.java:209)
	at textTranslator.translateCompExpr(textTranslator.java:209)
	at textTranslator.translateCompExpr(textTranslator.java:209)
	at textTranslator.translateCompExpr(textTranslator.java:209)
	at textTranslator.translateCompExpr(textTranslator.java:209)
	at textTranslator.translateCompExpr(textTranslator.java:209)
	at textTranslator.translateCompExpr(textTranslator.java:209)
	at textTranslator.translateCompExpr(textTranslator.java:209)
	at textTranslator.translateCompExpr(textTranslator.java:209)
	at textTranslator.translateCompExpr(textTranslator.java:209)
	at textTranslator.translateCompExpr(textTranslator.java:209)
	at textTranslator.translateCompExpr(textTranslator.java:209)
	at textTranslator.translateCompExpr(textTranslator.java:209)
	at textTranslator.translateCompExpr(textTranslator.java:209)
	at textTranslator.translateCompExpr(textTranslator.java:209)
	at textTranslator.translateCompExpr(textTranslator.java:209)
	at textTranslator.translateCompExpr(textTranslator.java:209)
	at textTranslator.translateCompExpr(textTranslator.java:209)
	at textTranslator.translateCompExpr(textTranslator.java:209)
	at textTranslator.translateCompExpr(textTranslator.java:209)
	at textTranslator.translateCompExpr(textTranslator.java:209)
	at textTranslator.translateCompExpr(textTranslator.java:209)
	at textTranslator.translateCompExpr(textTranslator.java:209)
	at textTranslator.translateCompExpr(textTranslator.java:209)
	at textTranslator.translateCompExpr(textTranslator.java:209)
	at textTranslator.translateCompExpr(textTranslator.java:209)
	at textTranslator.translateCompExpr(textTranslator.java:209)
	at textTranslator.translateCompExpr(textTranslator.java:209)
	at textTranslator.translateCompExpr(textTranslator.java:209)
	at textTranslator.translateCompExpr(textTranslator.java:209)
	at textTranslator.translateCompExpr(textTranslator.java:209)
	at textTranslator.translateCompExpr(textTranslator.java:209)
	at textTranslator.translateCompExpr(textTranslator.java:209)
	at textTranslator.translateCompExpr(textTranslator.java:209)
	at textTranslator.translateCompExpr(textTranslator.java:209)
	at textTranslator.translateCompExpr(textTranslator.java:209)
	at textTranslator.translateCompExpr(textTranslator.java:209)
	at textTranslator.translateCompExpr(textTranslator.java:209)
	at textTranslator.translateCompExpr(textTranslator.java:209)
	at textTranslator.translateCompExpr(textTranslator.java:209)
	at textTranslator.translateCompExpr(textTranslator.java:209)
	at textTranslator.translateCompExpr(textTranslator.java:209)
	at textTranslator.translateCompExpr(textTranslator.java:209)
	at textTranslator.translateCompExpr(textTranslator.java:209)
	at textTranslator.translateCompExpr(textTranslator.java:209)
	at textTranslator.translateCompExpr(textTranslator.java:209)
	at textTranslator.translateCompExpr(textTranslator.java:209)
	at textTranslator.translateCompExpr(textTranslator.java:209)
	at textTranslator.translateCompExpr(textTranslator.java:209)
	at textTranslator.translateCompExpr(textTranslator.java:209)
	at textTranslator.translateCompExpr(textTranslator.java:209)
	at textTranslator.translateCompExpr(textTranslator.java:209)
	at textTranslator.translateCompExpr(textTranslator.java:209)
	at textTranslator.translateCompExpr(textTranslator.java:209)
	at textTranslator.translateCompExpr(textTranslator.java:209)
	at textTranslator.translateCompExpr(textTranslator.java:209)
	at textTranslator.translateCompExpr(textTranslator.java:209)
	at textTranslator.translateCompExpr(textTranslator.java:209)
	at textTranslator.translateCompExpr(textTranslator.java:209)
	at textTranslator.translateCompExpr(textTranslator.java:209)
	at textTranslator.translateCompExpr(textTranslator.java:209)
	at textTranslator.translateCompExpr(textTranslator.java:209)
	at textTranslator.translateCompExpr(textTranslator.java:209)
	at textTranslator.translateCompExpr(textTranslator.java:209)
	at textTranslator.translateCompExpr(textTranslator.java:209)
	at textTranslator.translateCompExpr(textTranslator.java:209)
	at textTranslator.translateCompExpr(textTranslator.java:209)
	at textTranslator.translateCompExpr(textTranslator.java:209)
	at textTranslator.translateCompExpr(textTranslator.java:209)
	at textTranslator.translateCompExpr(textTranslator.java:209)
	at textTranslator.translateCompExpr(textTranslator.java:209)
	at textTranslator.translateCompExpr(textTranslator.java:209)
	at textTranslator.translateCompExpr(textTranslator.java:209)
	at textTranslator.translateCompExpr(textTranslator.java:209)
	at textTranslator.translateCompExpr(textTranslator.java:209)
	at textTranslator.translateCompExpr(textTranslator.java:209)
	at textTranslator.translateCompExpr(textTranslator.java:209)
	at textTranslator.translateCompExpr(textTranslator.java:209)
	at textTranslator.translateCompExpr(textTranslator.java:209)
	at textTranslator.translateCompExpr(textTranslator.java:209)
	at textTranslator.translateCompExpr(textTranslator.java:209)
	at textTranslator.translateCompExpr(textTranslator.java:209)
	at textTranslator.translateCompExpr(textTranslator.java:209)
	at textTranslator.translateCompExpr(textTranslator.java:209)
	at textTranslator.translateCompExpr(textTranslator.java:209)
	at textTranslator.translateCompExpr(textTranslator.java:209)
	at textTranslator.translateCompExpr(textTranslator.java:209)
	at textTranslator.translateCompExpr(textTranslator.java:209)
	at textTranslator.translateCompExpr(textTranslator.java:209)
	at textTranslator.translateCompExpr(textTranslator.java:209)
	at textTranslator.translateCompExpr(textTranslator.java:209)
	at textTranslator.translateCompExpr(textTranslator.java:209)
	at textTranslator.translateCompExpr(textTranslator.java:209)
	at textTranslator.translateCompExpr(textTranslator.java:209)
	at textTranslator.translateCompExpr(textTranslator.java:209)
	at textTranslator.translateCompExpr(textTranslator.java:209)
	at textTranslator.translateCompExpr(textTranslator.java:209)
	at textTranslator.translateCompExpr(textTranslator.java:209)
	at textTranslator.translateCompExpr(textTranslator.java:209)
	at textTranslator.translateCompExpr(textTranslator.java:209)
	at textTranslator.translateCompExpr(textTranslator.java:209)
	at textTranslator.translateCompExpr(textTranslator.java:209)
	at textTranslator.translateCompExpr(textTranslator.java:209)
	at textTranslator.translateCompExpr(textTranslator.java:209)
	at textTranslator.translateCompExpr(textTranslator.java:209)
	at textTranslator.translateCompExpr(textTranslator.java:209)
	at textTranslator.translateCompExpr(textTranslator.java:209)
	at textTranslator.translateCompExpr(textTranslator.java:209)
	at textTranslator.translateCompExpr(textTranslator.java:209)
	at textTranslator.translateCompExpr(textTranslator.java:209)
	at textTranslator.translateCompExpr(textTranslator.java:209)
	at textTranslator.translateCompExpr(textTranslator.java:209)
	at textTranslator.translateCompExpr(textTranslator.java:209)
	at textTranslator.translateCompExpr(textTranslator.java:209)
	at textTranslator.translateCompExpr(textTranslator.java:209)
	at textTranslator.translateCompExpr(textTranslator.java:209)
	at textTranslator.translateCompExpr(textTranslator.java:209)
	at textTranslator.translateCompExpr(textTranslator.java:209)
	at textTranslator.translateCompExpr(textTranslator.java:209)
	at textTranslator.translateCompExpr(textTranslator.java:209)
	at textTranslator.translateCompExpr(textTranslator.java:209)
	at textTranslator.translateCompExpr(textTranslator.java:209)
	at textTranslator.translateCompExpr(textTranslator.java:209)
	at textTranslator.translateCompExpr(textTranslator.java:209)
	at textTranslator.translateCompExpr(textTranslator.java:209)
	at textTranslator.translateCompExpr(textTranslator.java:209)
	at textTranslator.translateCompExpr(textTranslator.java:209)
	at textTranslator.translateCompExpr(textTranslator.java:209)
	at textTranslator.translateCompExpr(textTranslator.java:209)
	at textTranslator.translateCompExpr(textTranslator.java:209)
	at textTranslator.translateCompExpr(textTranslator.java:209)
	at textTranslator.translateCompExpr(textTranslator.java:209)
	at textTranslator.translateCompExpr(textTranslator.java:209)
	at textTranslator.translateCompExpr(textTranslator.java:209)
	at textTranslator.translateCompExpr(textTranslator.java:209)
	at textTranslator.translateCompExpr(textTranslator.java:209)
	at textTranslator.translateCompExpr(textTranslator.java:209)
	at textTranslator.translateCompExpr(textTranslator.java:209)
	at textTranslator.translateCompExpr(textTranslator.java:209)
	at textTranslator.translateCompExpr(textTranslator.java:209)
	at textTranslator.translateCompExpr(textTranslator.java:209)
	at textTranslator.translateCompExpr(textTranslator.java:209)
	at textTranslator.translateCompExpr(textTranslator.java:209)
	at textTranslator.translateCompExpr(textTranslator.java:209)
	at textTranslator.translateCompExpr(textTranslator.java:209)
	at textTranslator.translateCompExpr(textTranslator.java:209)
	at textTranslator.translateCompExpr(textTranslator.java:209)
	at textTranslator.translateCompExpr(textTranslator.java:209)
	at textTranslator.translateCompExpr(textTranslator.java:209)
	at textTranslator.translateCompExpr(textTranslator.java:209)
	at textTranslator.translateCompExpr(textTranslator.java:209)
	at textTranslator.translateCompExpr(textTranslator.java:209)
	at textTranslator.translateCompExpr(textTranslator.java:209)
	at textTranslator.translateCompExpr(textTranslator.java:209)
	at textTranslator.translateCompExpr(textTranslator.java:209)
	at textTranslator.translateCompExpr(textTranslator.java:209)
	at textTranslator.translateCompExpr(textTranslator.java:209)
	at textTranslator.translateCompExpr(textTranslator.java:209)
	at textTranslator.translateCompExpr(textTranslator.java:209)
	at textTranslator.translateCompExpr(textTranslator.java:209)
	at textTranslator.translateCompExpr(textTranslator.java:209)
	at textTranslator.translateCompExpr(textTranslator.java:209)
	at textTranslator.translateCompExpr(textTranslator.java:209)
	at textTranslator.translateCompExpr(textTranslator.java:209)
	at textTranslator.translateCompExpr(textTranslator.java:209)
	at textTranslator.translateCompExpr(textTranslator.java:209)
	at textTranslator.translateCompExpr(textTranslator.java:209)
	at textTranslator.translateCompExpr(textTranslator.java:209)
	at textTranslator.translateCompExpr(textTranslator.java:209)
	at textTranslator.translateCompExpr(textTranslator.java:209)
	at textTranslator.translateCompExpr(textTranslator.java:209)
	at textTranslator.translateCompExpr(textTranslator.java:209)
	at textTranslator.translateCompExpr(textTranslator.java:209)
	at textTranslator.translateCompExpr(textTranslator.java:209)
	at textTranslator.translateCompExpr(textTranslator.java:209)
	at textTranslator.translateCompExpr(textTranslator.java:209)
	at textTranslator.translateCompExpr(textTranslator.java:209)
	at textTranslator.translateCompExpr(textTranslator.java:209)
	at textTranslator.translateCompExpr(textTranslator.java:209)
	at textTranslator.translateCompExpr(textTranslator.java:209)
	at textTranslator.translateCompExpr(textTranslator.java:209)
	at textTranslator.translateCompExpr(textTranslator.java:209)
	at textTranslator.translateCompExpr(textTranslator.java:209)
	at textTranslator.translateCompExpr(textTranslator.java:209)
	at textTranslator.translateCompExpr(textTranslator.java:209)
	at textTranslator.translateCompExpr(textTranslator.java:209)
	at textTranslator.translateCompExpr(textTranslator.java:209)
	at textTranslator.translateCompExpr(textTranslator.java:209)
	at textTranslator.translateCompExpr(textTranslator.java:209)
	at textTranslator.translateCompExpr(textTranslator.java:209)
	at textTranslator.translateCompExpr(textTranslator.java:209)
	at textTranslator.translateCompExpr(textTranslator.java:209)
	at textTranslator.translateCompExpr(textTranslator.java:209)
	at textTranslator.translateCompExpr(textTranslator.java:209)
	at textTranslator.translateCompExpr(textTranslator.java:209)
	at textTranslator.translateCompExpr(textTranslator.java:209)
	at textTranslator.translateCompExpr(textTranslator.java:209)
	at textTranslator.translateCompExpr(textTranslator.java:209)
	at textTranslator.translateCompExpr(textTranslator.java:209)
	at textTranslator.translateCompExpr(textTranslator.java:209)
	at textTranslator.translateCompExpr(textTranslator.java:209)
	at textTranslator.translateCompExpr(textTranslator.java:209)
	at textTranslator.translateCompExpr(textTranslator.java:209)
	at textTranslator.translateCompExpr(textTranslator.java:209)
	at textTranslator.translateCompExpr(textTranslator.java:209)
	at textTranslator.translateCompExpr(textTranslator.java:209)
	at textTranslator.translateCompExpr(textTranslator.java:209)
	at textTranslator.translateCompExpr(textTranslator.java:209)
	at textTranslator.translateCompExpr(textTranslator.java:209)
	at textTranslator.translateCompExpr(textTranslator.java:209)
	at textTranslator.translateCompExpr(textTranslator.java:209)
	at textTranslator.translateCompExpr(textTranslator.java:209)
	at textTranslator.translateCompExpr(textTranslator.java:209)
	at textTranslator.translateCompExpr(textTranslator.java:209)
	at textTranslator.translateCompExpr(textTranslator.java:209)
	at textTranslator.translateCompExpr(textTranslator.java:209)
	at textTranslator.translateCompExpr(textTranslator.java:209)
	at textTranslator.translateCompExpr(textTranslator.java:209)
	at textTranslator.translateCompExpr(textTranslator.java:209)
	at textTranslator.translateCompExpr(textTranslator.java:209)
	at textTranslator.translateCompExpr(textTranslator.java:209)
	at textTranslator.translateCompExpr(textTranslator.java:209)
	at textTranslator.translateCompExpr(textTranslator.java:209)
	at textTranslator.translateCompExpr(textTranslator.java:209)
	at textTranslator.translateCompExpr(textTranslator.java:209)
	at textTranslator.translateCompExpr(textTranslator.java:209)
	at textTranslator.translateCompExpr(textTranslator.java:209)
	at textTranslator.translateCompExpr(textTranslator.java:209)
	at textTranslator.translateCompExpr(textTranslator.java:209)
	at textTranslator.translateCompExpr(textTranslator.java:209)
	at textTranslator.translateCompExpr(textTranslator.java:209)
	at textTranslator.translateCompExpr(textTranslator.java:209)
	at textTranslator.translateCompExpr(textTranslator.java:209)
	at textTranslator.translateCompExpr(textTranslator.java:209)
	at textTranslator.translateCompExpr(textTranslator.java:209)
	at textTranslator.translateCompExpr(textTranslator.java:209)
	at textTranslator.translateCompExpr(textTranslator.java:209)
	at textTranslator.translateCompExpr(textTranslator.java:209)
	at textTranslator.translateCompExpr(textTranslator.java:209)
	at textTranslator.translateCompExpr(textTranslator.java:209)
	at textTranslator.translateCompExpr(textTranslator.java:209)
	at textTranslator.translateCompExpr(textTranslator.java:209)
	at textTranslator.translateCompExpr(textTranslator.java:209)
	at textTranslator.translateCompExpr(textTranslator.java:209)
	at textTranslator.translateCompExpr(textTranslator.java:209)
	at textTranslator.translateCompExpr(textTranslator.java:209)
	at textTranslator.translateCompExpr(textTranslator.java:209)
	at textTranslator.translateCompExpr(textTranslator.java:209)
	at textTranslator.translateCompExpr(textTranslator.java:209)
	at textTranslator.translateCompExpr(textTranslator.java:209)
	at textTranslator.translateCompExpr(textTranslator.java:209)
	at textTranslator.translateCompExpr(textTranslator.java:209)
	at textTranslator.translateCompExpr(textTranslator.java:209)
	at textTranslator.translateCompExpr(textTranslator.java:209)
	at textTranslator.translateCompExpr(textTranslator.java:209)
	at textTranslator.translateCompExpr(textTranslator.java:209)
	at textTranslator.translateCompExpr(textTranslator.java:209)
	at textTranslator.translateCompExpr(textTranslator.java:209)
	at textTranslator.translateCompExpr(textTranslator.java:209)
	at textTranslator.translateCompExpr(textTranslator.java:209)
	at textTranslator.translateCompExpr(textTranslator.java:209)
	at textTranslator.translateCompExpr(textTranslator.java:209)
	at textTranslator.translateCompExpr(textTranslator.java:209)
	at textTranslator.translateCompExpr(textTranslator.java:209)
	at textTranslator.translateCompExpr(textTranslator.java:209)
	at textTranslator.translateCompExpr(textTranslator.java:209)
	at textTranslator.translateCompExpr(textTranslator.java:209)
	at textTranslator.translateCompExpr(textTranslator.java:209)
	at textTranslator.translateCompExpr(textTranslator.java:209)
	at textTranslator.translateCompExpr(textTranslator.java:209)
	at textTranslator.translateCompExpr(textTranslator.java:209)
	at textTranslator.translateCompExpr(textTranslator.java:209)
	at textTranslator.translateCompExpr(textTranslator.java:209)
	at textTranslator.translateCompExpr(textTranslator.java:209)
	at textTranslator.translateCompExpr(textTranslator.java:209)
	at textTranslator.translateCompExpr(textTranslator.java:209)
	at textTranslator.translateCompExpr(textTranslator.java:209)
	at textTranslator.translateCompExpr(textTranslator.java:209)
	at textTranslator.translateCompExpr(textTranslator.java:209)
	at textTranslator.translateCompExpr(textTranslator.java:209)
	at textTranslator.translateCompExpr(textTranslator.java:209)
	at textTranslator.translateCompExpr(textTranslator.java:209)
	at textTranslator.translateCompExpr(textTranslator.java:209)
	at textTranslator.translateCompExpr(textTranslator.java:209)
	at textTranslator.translateCompExpr(textTranslator.java:209)
	at textTranslator.translateCompExpr(textTranslator.java:209)
	at textTranslator.translateCompExpr(textTranslator.java:209)
	at textTranslator.translateCompExpr(textTranslator.java:209)
	at textTranslator.translateCompExpr(textTranslator.java:209)
	at textTranslator.translateCompExpr(textTranslator.java:209)
	at textTranslator.translateCompExpr(textTranslator.java:209)
	at textTranslator.translateCompExpr(textTranslator.java:209)
	at textTranslator.translateCompExpr(textTranslator.java:209)
	at textTranslator.translateCompExpr(textTranslator.java:209)
	at textTranslator.translateCompExpr(textTranslator.java:209)
	at textTranslator.translateCompExpr(textTranslator.java:209)
	at textTranslator.translateCompExpr(textTranslator.java:209)
	at textTranslator.translateCompExpr(textTranslator.java:209)
	at textTranslator.translateCompExpr(textTranslator.java:209)
	at textTranslator.translateCompExpr(textTranslator.java:209)
	at textTranslator.translateCompExpr(textTranslator.java:209)
	at textTranslator.translateCompExpr(textTranslator.java:209)
	at textTranslator.translateCompExpr(textTranslator.java:209)
	at textTranslator.translateCompExpr(textTranslator.java:209)
	at textTranslator.translateCompExpr(textTranslator.java:209)
	at textTranslator.translateCompExpr(textTranslator.java:209)
	at textTranslator.translateCompExpr(textTranslator.java:209)
	at textTranslator.translateCompExpr(textTranslator.java:209)
	at textTranslator.translateCompExpr(textTranslator.java:209)
	at textTranslator.translateCompExpr(textTranslator.java:209)
	at textTranslator.translateCompExpr(textTranslator.java:209)
	at textTranslator.translateCompExpr(textTranslator.java:209)
	at textTranslator.translateCompExpr(textTranslator.java:209)
	at textTranslator.translateCompExpr(textTranslator.java:209)
	at textTranslator.translateCompExpr(textTranslator.java:209)
	at textTranslator.translateCompExpr(textTranslator.java:209)
	at textTranslator.translateCompExpr(textTranslator.java:209)
	at textTranslator.translateCompExpr(textTranslator.java:209)
	at textTranslator.translateCompExpr(textTranslator.java:209)
	at textTranslator.translateCompExpr(textTranslator.java:209)
	at textTranslator.translateCompExpr(textTranslator.java:209)
	at textTranslator.translateCompExpr(textTranslator.java:209)
	at textTranslator.translateCompExpr(textTranslator.java:209)
	at textTranslator.translateCompExpr(textTranslator.java:209)
	at textTranslator.translateCompExpr(textTranslator.java:209)
	at textTranslator.translateCompExpr(textTranslator.java:209)
	at textTranslator.translateCompExpr(textTranslator.java:209)
	at textTranslator.translateCompExpr(textTranslator.java:209)
	at textTranslator.translateCompExpr(textTranslator.java:209)
	at textTranslator.translateCompExpr(textTranslator.java:209)
	at textTranslator.translateCompExpr(textTranslator.java:209)
	at textTranslator.translateCompExpr(textTranslator.java:209)
	at textTranslator.translateCompExpr(textTranslator.java:209)
	at textTranslator.translateCompExpr(textTranslator.java:209)
	at textTranslator.translateCompExpr(textTranslator.java:209)
	at textTranslator.translateCompExpr(textTranslator.java:209)
	at textTranslator.translateCompExpr(textTranslator.java:209)
	at textTranslator.translateCompExpr(textTranslator.java:209)
	at textTranslator.translateCompExpr(textTranslator.java:209)
	at textTranslator.translateCompExpr(textTranslator.java:209)
	at textTranslator.translateCompExpr(textTranslator.java:209)
	at textTranslator.translateCompExpr(textTranslator.java:209)
	at textTranslator.translateCompExpr(textTranslator.java:209)
	at textTranslator.translateCompExpr(textTranslator.java:209)
	at textTranslator.translateCompExpr(textTranslator.java:209)
	at textTranslator.translateCompExpr(textTranslator.java:209)
	at textTranslator.translateCompExpr(textTranslator.java:209)
	at textTranslator.translateCompExpr(textTranslator.java:209)
	at textTranslator.translateCompExpr(textTranslator.java:209)
	at textTranslator.translateCompExpr(textTranslator.java:209)
	at textTranslator.translateCompExpr(textTranslator.java:209)
	at textTranslator.translateCompExpr(textTranslator.java:209)
	at textTranslator.translateCompExpr(textTranslator.java:209)
	at textTranslator.translateCompExpr(textTranslator.java:209)
	at textTranslator.translateCompExpr(textTranslator.java:209)
	at textTranslator.translateCompExpr(textTranslator.java:209)
	at textTranslator.translateCompExpr(textTranslator.java:209)
	at textTranslator.translateCompExpr(textTranslator.java:209)
	at textTranslator.translateCompExpr(textTranslator.java:209)
	at textTranslator.translateCompExpr(textTranslator.java:209)
	at textTranslator.translateCompExpr(textTranslator.java:209)
	at textTranslator.translateCompExpr(textTranslator.java:209)
	at textTranslator.translateCompExpr(textTranslator.java:209)
	at textTranslator.translateCompExpr(textTranslator.java:209)
	at textTranslator.translateCompExpr(textTranslator.java:209)
	at textTranslator.translateCompExpr(textTranslator.java:209)
	at textTranslator.translateCompExpr(textTranslator.java:209)
	at textTranslator.translateCompExpr(textTranslator.java:209)
	at textTranslator.translateCompExpr(textTranslator.java:209)
	at textTranslator.translateCompExpr(textTranslator.java:209)
	at textTranslator.translateCompExpr(textTranslator.java:209)
	at textTranslator.translateCompExpr(textTranslator.java:209)
	at textTranslator.translateCompExpr(textTranslator.java:209)
	at textTranslator.translateCompExpr(textTranslator.java:209)
	at textTranslator.translateCompExpr(textTranslator.java:209)
	at textTranslator.translateCompExpr(textTranslator.java:209)
	at textTranslator.translateCompExpr(textTranslator.java:209)
	at textTranslator.translateCompExpr(textTranslator.java:209)
	at textTranslator.translateCompExpr(textTranslator.java:209)
	at textTranslator.translateCompExpr(textTranslator.java:209)
	at textTranslator.translateCompExpr(textTranslator.java:209)
	at textTranslator.translateCompExpr(textTranslator.java:209)
	at textTranslator.translateCompExpr(textTranslator.java:209)
	at textTranslator.translateCompExpr(textTranslator.java:209)
	at textTranslator.translateCompExpr(textTranslator.java:209)
	at textTranslator.translateCompExpr(textTranslator.java:209)
	at textTranslator.translateCompExpr(textTranslator.java:209)
	at textTranslator.translateCompExpr(textTranslator.java:209)
	at textTranslator.translateCompExpr(textTranslator.java:209)
	at textTranslator.translateCompExpr(textTranslator.java:209)
	at textTranslator.translateCompExpr(textTranslator.java:209)
	at textTranslator.translateCompExpr(textTranslator.java:209)
	at textTranslator.translateCompExpr(textTranslator.java:209)
	at textTranslator.translateCompExpr(textTranslator.java:209)
	at textTranslator.translateCompExpr(textTranslator.java:209)
	at textTranslator.translateCompExpr(textTranslator.java:209)
	at textTranslator.translateCompExpr(textTranslator.java:209)
	at textTranslator.translateCompExpr(textTranslator.java:209)
	at textTranslator.translateCompExpr(textTranslator.java:209)
	at textTranslator.translateCompExpr(textTranslator.java:209)
	at textTranslator.translateCompExpr(textTranslator.java:209)
	at textTranslator.translateCompExpr(textTranslator.java:209)
	at textTranslator.translateCompExpr(textTranslator.java:209)
	at textTranslator.translateCompExpr(textTranslator.java:209)
	at textTranslator.translateCompExpr(textTranslator.java:209)
	at textTranslator.translateCompExpr(textTranslator.java:209)
	at textTranslator.translateCompExpr(textTranslator.java:209)
	at textTranslator.translateCompExpr(textTranslator.java:209)
	at textTranslator.translateCompExpr(textTranslator.java:209)
	at textTranslator.translateCompExpr(textTranslator.java:209)
	at textTranslator.translateCompExpr(textTranslator.java:209)
	at textTranslator.translateCompExpr(textTranslator.java:209)
	at textTranslator.translateCompExpr(textTranslator.java:209)
	at textTranslator.translateCompExpr(textTranslator.java:209)
	at textTranslator.translateCompExpr(textTranslator.java:209)
	at textTranslator.translateCompExpr(textTranslator.java:209)
	at textTranslator.translateCompExpr(textTranslator.java:209)
	at textTranslator.translateCompExpr(textTranslator.java:209)
	at textTranslator.translateCompExpr(textTranslator.java:209)
	at textTranslator.translateCompExpr(textTranslator.java:209)
	at textTranslator.translateCompExpr(textTranslator.java:209)
	at textTranslator.translateCompExpr(textTranslator.java:209)
	at textTranslator.translateCompExpr(textTranslator.java:209)
	at textTranslator.translateCompExpr(textTranslator.java:209)
	at textTranslator.translateCompExpr(textTranslator.java:209)
	at textTranslator.translateCompExpr(textTranslator.java:209)
	at textTranslator.translateCompExpr(textTranslator.java:209)
	at textTranslator.translateCompExpr(textTranslator.java:209)
	at textTranslator.translateCompExpr(textTranslator.java:209)
	at textTranslator.translateCompExpr(textTranslator.java:209)
	at textTranslator.translateCompExpr(textTranslator.java:209)
	at textTranslator.translateCompExpr(textTranslator.java:209)
	at textTranslator.translateCompExpr(textTranslator.java:209)
	at textTranslator.translateCompExpr(textTranslator.java:209)
	at textTranslator.translateCompExpr(textTranslator.java:209)
	at textTranslator.translateCompExpr(textTranslator.java:209)
	at textTranslator.translateCompExpr(textTranslator.java:209)
	at textTranslator.translateCompExpr(textTranslator.java:209)
	at textTranslator.translateCompExpr(textTranslator.java:209)
	at textTranslator.translateCompExpr(textTranslator.java:209)
	at textTranslator.translateCompExpr(textTranslator.java:209)
	at textTranslator.translateCompExpr(textTranslator.java:209)
	at textTranslator.translateCompExpr(textTranslator.java:209)
	at textTranslator.translateCompExpr(textTranslator.java:209)
	at textTranslator.translateCompExpr(textTranslator.java:209)
	at textTranslator.translateCompExpr(textTranslator.java:209)
	at textTranslator.translateCompExpr(textTranslator.java:209)
	at textTranslator.translateCompExpr(textTranslator.java:209)
	at textTranslator.translateCompExpr(textTranslator.java:209)
	at textTranslator.translateCompExpr(textTranslator.java:209)
	at textTranslator.translateCompExpr(textTranslator.java:209)
	at textTranslator.translateCompExpr(textTranslator.java:209)
	at textTranslator.translateCompExpr(textTranslator.java:209)
	at textTranslator.translateCompExpr(textTranslator.java:209)
	at textTranslator.translateCompExpr(textTranslator.java:209)
	at textTranslator.translateCompExpr(textTranslator.java:209)
	at textTranslator.translateCompExpr(textTranslator.java:209)
	at textTranslator.translateCompExpr(textTranslator.java:209)
	at textTranslator.translateCompExpr(textTranslator.java:209)
	at textTranslator.translateCompExpr(textTranslator.java:209)
	at textTranslator.translateCompExpr(textTranslator.java:209)
	at textTranslator.translateCompExpr(textTranslator.java:209)
	at textTranslator.translateCompExpr(textTranslator.java:209)
	at textTranslator.translateCompExpr(textTranslator.java:209)
	at textTranslator.translateCompExpr(textTranslator.java:209)
	at textTranslator.translateCompExpr(textTranslator.java:209)
	at textTranslator.translateCompExpr(textTranslator.java:209)
	at textTranslator.translateCompExpr(textTranslator.java:209)
	at textTranslator.translateCompExpr(textTranslator.java:209)
	at textTranslator.translateCompExpr(textTranslator.java:209)
	at textTranslator.translateCompExpr(textTranslator.java:209)
	at textTranslator.translateCompExpr(textTranslator.java:209)
	at textTranslator.translateCompExpr(textTranslator.java:209)
	at textTranslator.translateCompExpr(textTranslator.java:209)
	at textTranslator.translateCompExpr(textTranslator.java:209)
	at textTranslator.translateCompExpr(textTranslator.java:209)
	at textTranslator.translateCompExpr(textTranslator.java:209)
	at textTranslator.translateCompExpr(textTranslator.java:209)
	at textTranslator.translateCompExpr(textTranslator.java:209)
	at textTranslator.translateCompExpr(textTranslator.java:209)
	at textTranslator.translateCompExpr(textTranslator.java:209)
	at textTranslator.translateCompExpr(textTranslator.java:209)
	at textTranslator.translateCompExpr(textTranslator.java:209)
	at textTranslator.translateCompExpr(textTranslator.java:209)
	at textTranslator.translateCompExpr(textTranslator.java:209)
	at textTranslator.translateCompExpr(textTranslator.java:209)
	at textTranslator.translateCompExpr(textTranslator.java:209)
	at textTranslator.translateCompExpr(textTranslator.java:209)
	at textTranslator.translateCompExpr(textTranslator.java:209)
	at textTranslator.translateCompExpr(textTranslator.java:209)
	at textTranslator.translateCompExpr(textTranslator.java:209)
	at textTranslator.translateCompExpr(textTranslator.java:209)
	at textTranslator.translateCompExpr(textTranslator.java:209)
	at textTranslator.translateCompExpr(textTranslator.java:209)
	at textTranslator.translateCompExpr(textTranslator.java:209)
	at textTranslator.translateCompExpr(textTranslator.java:209)
	at textTranslator.translateCompExpr(textTranslator.java:209)
	at textTranslator.translateCompExpr(textTranslator.java:209)
	at textTranslator.translateCompExpr(textTranslator.java:209)
	at textTranslator.translateCompExpr(textTranslator.java:209)
	at textTranslator.translateCompExpr(textTranslator.java:209)
	at textTranslator.translateCompExpr(textTranslator.java:209)
	at textTranslator.translateCompExpr(textTranslator.java:209)
	at textTranslator.translateCompExpr(textTranslator.java:209)
	at textTranslator.translateCompExpr(textTranslator.java:209)
	at textTranslator.translateCompExpr(textTranslator.java:209)
	at textTranslator.translateCompExpr(textTranslator.java:209)
	at textTranslator.translateCompExpr(textTranslator.java:209)
	at textTranslator.translateCompExpr(textTranslator.java:209)
	at textTranslator.translateCompExpr(textTranslator.java:209)
	at textTranslator.translateCompExpr(textTranslator.java:209)
	at textTranslator.translateCompExpr(textTranslator.java:209)
	at textTranslator.translateCompExpr(textTranslator.java:209)
	at textTranslator.translateCompExpr(textTranslator.java:209)
	at textTranslator.translateCompExpr(textTranslator.java:209)
	at textTranslator.translateCompExpr(textTranslator.java:209)
	at textTranslator.translateCompExpr(textTranslator.java:209)
	at textTranslator.translateCompExpr(textTranslator.java:209)
	at textTranslator.translateCompExpr(textTranslator.java:209)
	at textTranslator.translateCompExpr(textTranslator.java:209)
	at textTranslator.translateCompExpr(textTranslator.java:209)
	at textTranslator.translateCompExpr(textTranslator.java:209)
	at textTranslator.translateCompExpr(textTranslator.java:209)
	at textTranslator.translateCompExpr(textTranslator.java:209)
	at textTranslator.translateCompExpr(textTranslator.java:209)
	at textTranslator.translateCompExpr(textTranslator.java:209)
	at textTranslator.translateCompExpr(textTranslator.java:209)
	at textTranslator.translateCompExpr(textTranslator.java:209)
	at textTranslator.translateCompExpr(textTranslator.java:209)
	at textTranslator.translateCompExpr(textTranslator.java:209)
	at textTranslator.translateCompExpr(textTranslator.java:209)
	at textTranslator.translateCompExpr(textTranslator.java:209)
	at textTranslator.translateCompExpr(textTranslator.java:209)
	at textTranslator.translateCompExpr(textTranslator.java:209)
	at textTranslator.translateCompExpr(textTranslator.java:209)
	at textTranslator.translateCompExpr(textTranslator.java:209)
	at textTranslator.translateCompExpr(textTranslator.java:209)
	at textTranslator.translateCompExpr(textTranslator.java:209)
	at textTranslator.translateCompExpr(textTranslator.java:209)
	at textTranslator.translateCompExpr(textTranslator.java:209)
	at textTranslator.translateCompExpr(textTranslator.java:209)
	at textTranslator.translateCompExpr(textTranslator.java:209)
	at textTranslator.translateCompExpr(textTranslator.java:209)
	at textTranslator.translateCompExpr(textTranslator.java:209)
	at textTranslator.translateCompExpr(textTranslator.java:209)
	at textTranslator.translateCompExpr(textTranslator.java:209)
	at textTranslator.translateCompExpr(textTranslator.java:209)
	at textTranslator.translateCompExpr(textTranslator.java:209)
	at textTranslator.translateCompExpr(textTranslator.java:209)
	at textTranslator.translateCompExpr(textTranslator.java:209)
	at textTranslator.translateCompExpr(textTranslator.java:209)
	at textTranslator.translateCompExpr(textTranslator.java:209)
	at textTranslator.translateCompExpr(textTranslator.java:209)
	at textTranslator.translateCompExpr(textTranslator.java:209)
	at textTranslator.translateCompExpr(textTranslator.java:209)
	at textTranslator.translateCompExpr(textTranslator.java:209)
	at textTranslator.translateCompExpr(textTranslator.java:209)
	at textTranslator.translateCompExpr(textTranslator.java:209)
	at textTranslator.translateCompExpr(textTranslator.java:209)
	at textTranslator.translateCompExpr(textTranslator.java:209)
	at textTranslator.translateCompExpr(textTranslator.java:209)
	at textTranslator.translateCompExpr(textTranslator.java:209)
	at textTranslator.translateCompExpr(textTranslator.java:209)
	at textTranslator.translateCompExpr(textTranslator.java:209)
	at textTranslator.translateCompExpr(textTranslator.java:209)
	at textTranslator.translateCompExpr(textTranslator.java:209)
	at textTranslator.translateCompExpr(textTranslator.java:209)
	at textTranslator.translateCompExpr(textTranslator.java:209)
	at textTranslator.translateCompExpr(textTranslator.java:209)
	at textTranslator.translateCompExpr(textTranslator.java:209)
	at textTranslator.translateCompExpr(textTranslator.java:209)
	at textTranslator.translateCompExpr(textTranslator.java:209)
	at textTranslator.translateCompExpr(textTranslator.java:209)
	at textTranslator.translateCompExpr(textTranslator.java:209)
	at textTranslator.translateCompExpr(textTranslator.java:209)
	at textTranslator.translateCompExpr(textTranslator.java:209)
	at textTranslator.translateCompExpr(textTranslator.java:209)
	at textTranslator.translateCompExpr(textTranslator.java:209)
	at textTranslator.translateCompExpr(textTranslator.java:209)
	at textTranslator.translateCompExpr(textTranslator.java:209)
	at textTranslator.translateCompExpr(textTranslator.java:209)
	at textTranslator.translateCompExpr(textTranslator.java:209)
	at textTranslator.translateCompExpr(textTranslator.java:209)
	at textTranslator.translateCompExpr(textTranslator.java:209)
	at textTranslator.translateCompExpr(textTranslator.java:209)
	at textTranslator.translateCompExpr(textTranslator.java:209)
	at textTranslator.translateCompExpr(textTranslator.java:209)
	at textTranslator.translateCompExpr(textTranslator.java:209)
	at textTranslator.translateCompExpr(textTranslator.java:209)
	at textTranslator.translateCompExpr(textTranslator.java:209)
	at textTranslator.translateCompExpr(textTranslator.java:209)
	at textTranslator.translateCompExpr(textTranslator.java:209)
	at textTranslator.translateCompExpr(textTranslator.java:209)
	at textTranslator.translateCompExpr(textTranslator.java:209)
	at textTranslator.translateCompExpr(textTranslator.java:209)
	at textTranslator.translateCompExpr(textTranslator.java:209)
	at textTranslator.translateCompExpr(textTranslator.java:209)
	at textTranslator.translateCompExpr(textTranslator.java:209)
	at textTranslator.translateCompExpr(textTranslator.java:209)
	at textTranslator.translateCompExpr(textTranslator.java:209)
	at textTranslator.translateCompExpr(textTranslator.java:209)
	at textTranslator.translateCompExpr(textTranslator.java:209)
	at textTranslator.translateCompExpr(textTranslator.java:209)
	at textTranslator.translateCompExpr(textTranslator.java:209)
	at textTranslator.translateCompExpr(textTranslator.java:209)
	at textTranslator.translateCompExpr(textTranslator.java:209)
	at textTranslator.translateCompExpr(textTranslator.java:209)
	at textTranslator.translateCompExpr(textTranslator.java:209)
	at textTranslator.translateCompExpr(textTranslator.java:209)
	at textTranslator.translateCompExpr(textTranslator.java:209)
	at textTranslator.translateCompExpr(textTranslator.java:209)
	at textTranslator.translateCompExpr(textTranslator.java:209)
	at textTranslator.translateCompExpr(textTranslator.java:209)
	at textTranslator.translateCompExpr(textTranslator.java:209)
	at textTranslator.translateCompExpr(textTranslator.java:209)
	at textTranslator.translateCompExpr(textTranslator.java:209)
	at textTranslator.translateCompExpr(textTranslator.java:209)
	at textTranslator.translateCompExpr(textTranslator.java:209)
	at textTranslator.translateCompExpr(textTranslator.java:209)
	at textTranslator.translateCompExpr(textTranslator.java:209)
	at textTranslator.translateCompExpr(textTranslator.java:209)
	at textTranslator.translateCompExpr(textTranslator.java:209)
	at textTranslator.translateCompExpr(textTranslator.java:209)
	at textTranslator.translateCompExpr(textTranslator.java:209)
	at textTranslator.translateCompExpr(textTranslator.java:209)
	at textTranslator.translateCompExpr(textTranslator.java:209)
	at textTranslator.translateCompExpr(textTranslator.java:209)
	at textTranslator.translateCompExpr(textTranslator.java:209)
	at textTranslator.translateCompExpr(textTranslator.java:209)
	at textTranslator.translateCompExpr(textTranslator.java:209)
	at textTranslator.translateCompExpr(textTranslator.java:209)
	at textTranslator.translateCompExpr(textTranslator.java:209)
	at textTranslator.translateCompExpr(textTranslator.java:209)
	at textTranslator.translateCompExpr(textTranslator.java:209)
	at textTranslator.translateCompExpr(textTranslator.java:209)
	at textTranslator.translateCompExpr(textTranslator.java:209)
	at textTranslator.translateCompExpr(textTranslator.java:209)
	at textTranslator.translateCompExpr(textTranslator.java:209)
	at textTranslator.translateCompExpr(textTranslator.java:209)
	at textTranslator.translateCompExpr(textTranslator.java:209)
	at textTranslator.translateCompExpr(textTranslator.java:209)
	at textTranslator.translateCompExpr(textTranslator.java:209)
	at textTranslator.translateCompExpr(textTranslator.java:209)
	at textTranslator.translateCompExpr(textTranslator.java:209)
	at textTranslator.translateCompExpr(textTranslator.java:209)
	at textTranslator.translateCompExpr(textTranslator.java:209)
	at textTranslator.translateCompExpr(textTranslator.java:209)
	at textTranslator.translateCompExpr(textTranslator.java:209)
	at textTranslator.translateCompExpr(textTranslator.java:209)
	at textTranslator.translateCompExpr(textTranslator.java:209)
	at textTranslator.translateCompExpr(textTranslator.java:209)
	at textTranslator.translateCompExpr(textTranslator.java:209)
	at textTranslator.translateCompExpr(textTranslator.java:209)
	at textTranslator.translateCompExpr(textTranslator.java:209)
	at textTranslator.translateCompExpr(textTranslator.java:209)
	at textTranslator.translateCompExpr(textTranslator.java:209)
	at textTranslator.translateCompExpr(textTranslator.java:209)
	at textTranslator.translateCompExpr(textTranslator.java:209)
	at textTranslator.translateCompExpr(textTranslator.java:209)
	at textTranslator.translateCompExpr(textTranslator.java:209)
	at textTranslator.translateCompExpr(textTranslator.java:209)
	at textTranslator.translateCompExpr(textTranslator.java:209)
	at textTranslator.translateCompExpr(textTranslator.java:209)
	at textTranslator.translateCompExpr(textTranslator.java:209)
	at textTranslator.translateCompExpr(textTranslator.java:209)
	at textTranslator.translateCompExpr(textTranslator.java:209)
	at textTranslator.translateCompExpr(textTranslator.java:209)
	at textTranslator.translateCompExpr(textTranslator.java:209)
	at textTranslator.translateCompExpr(textTranslator.java:209)
	at textTranslator.translateCompExpr(textTranslator.java:209)
	at textTranslator.translateCompExpr(textTranslator.java:209)
	at textTranslator.translateCompExpr(textTranslator.java:209)
	at textTranslator.translateCompExpr(textTranslator.java:209)
	at textTranslator.translateCompExpr(textTranslator.java:209)
	at textTranslator.translateCompExpr(textTranslator.java:209)
	at textTranslator.translateCompExpr(textTranslator.java:209)
	at textTranslator.translateCompExpr(textTranslator.java:209)
	at textTranslator.translateCompExpr(textTranslator.java:209)
	at textTranslator.translateCompExpr(textTranslator.java:209)
	at textTranslator.translateCompExpr(textTranslator.java:209)
	at textTranslator.translateCompExpr(textTranslator.java:209)
	at textTranslator.translateCompExpr(textTranslator.java:209)
	at textTranslator.translateCompExpr(textTranslator.java:209)
	at textTranslator.translateCompExpr(textTranslator.java:209)
	at textTranslator.translateCompExpr(textTranslator.java:209)
	at textTranslator.translateCompExpr(textTranslator.java:209)
	at textTranslator.translateCompExpr(textTranslator.java:209)
	at textTranslator.translateCompExpr(textTranslator.java:209)
	at textTranslator.translateCompExpr(textTranslator.java:209)
	at textTranslator.translateCompExpr(textTranslator.java:209)
	at textTranslator.translateCompExpr(textTranslator.java:209)
	at textTranslator.translateCompExpr(textTranslator.java:209)
	at textTranslator.translateCompExpr(textTranslator.java:209)
	at textTranslator.translateCompExpr(textTranslator.java:209)
	at textTranslator.translateCompExpr(textTranslator.java:209)
	at textTranslator.translateCompExpr(textTranslator.java:209)
	at textTranslator.translateCompExpr(textTranslator.java:209)
	at textTranslator.translateCompExpr(textTranslator.java:209)
	at textTranslator.translateCompExpr(textTranslator.java:209)
	at textTranslator.translateCompExpr(textTranslator.java:209)
	at textTranslator.translateCompExpr(textTranslator.java:209)
	at textTranslator.translateCompExpr(textTranslator.java:209)
	at textTranslator.translateCompExpr(textTranslator.java:209)
	at textTranslator.translateCompExpr(textTranslator.java:209)
	at textTranslator.translateCompExpr(textTranslator.java:209)
	at textTranslator.translateCompExpr(textTranslator.java:209)
	at textTranslator.translateCompExpr(textTranslator.java:209)
	at textTranslator.translateCompExpr(textTranslator.java:209)
	at textTranslator.translateCompExpr(textTranslator.java:209)
	at textTranslator.translateCompExpr(textTranslator.java:209)
	at textTranslator.translateCompExpr(textTranslator.java:209)
	at textTranslator.translateCompExpr(textTranslator.java:209)
	at textTranslator.translateCompExpr(textTranslator.java:209)
	at textTranslator.translateCompExpr(textTranslator.java:209)
	at textTranslator.translateCompExpr(textTranslator.java:209)
	at textTranslator.translateCompExpr(textTranslator.java:209)
	at textTranslator.translateCompExpr(textTranslator.java:209)
	at textTranslator.translateCompExpr(textTranslator.java:209)
	at textTranslator.translateCompExpr(textTranslator.java:209)
	at textTranslator.translateCompExpr(textTranslator.java:209)
	at textTranslator.translateCompExpr(textTranslator.java:209)
	at textTranslator.translateCompExpr(textTranslator.java:209)
	at textTranslator.translateCompExpr(textTranslator.java:209)
	at textTranslator.translateCompExpr(textTranslator.java:209)
	at textTranslator.translateCompExpr(textTranslator.java:209)
	at textTranslator.translateCompExpr(textTranslator.java:209)
	at textTranslator.translateCompExpr(textTranslator.java:209)
	at textTranslator.translateCompExpr(textTranslator.java:209)
	at textTranslator.translateCompExpr(textTranslator.java:209)
	at textTranslator.translateCompExpr(textTranslator.java:209)
	at textTranslator.translateCompExpr(textTranslator.java:209)
	at textTranslator.translateCompExpr(textTranslator.java:209)
	at textTranslator.translateCompExpr(textTranslator.java:209)
	at textTranslator.translateCompExpr(textTranslator.java:209)
	at textTranslator.translateCompExpr(textTranslator.java:209)
	at textTranslator.translateCompExpr(textTranslator.java:209)
	at textTranslator.translateCompExpr(textTranslator.java:209)
	at textTranslator.translateCompExpr(textTranslator.java:209)
	at textTranslator.translateCompExpr(textTranslator.java:209)
	at textTranslator.translateCompExpr(textTranslator.java:209)
	at textTranslator.translateCompExpr(textTranslator.java:209)
	at textTranslator.translateCompExpr(textTranslator.java:209)
	at textTranslator.translateCompExpr(textTranslator.java:209)
	at textTranslator.translateCompExpr(textTranslator.java:209)
	at textTranslator.translateCompExpr(textTranslator.java:209)
	at textTranslator.translateCompExpr(textTranslator.java:209)
	at textTranslator.translateCompExpr(textTranslator.java:209)
	at textTranslator.translateCompExpr(textTranslator.java:209)
	at textTranslator.translateCompExpr(textTranslator.java:209)
	at textTranslator.translateCompExpr(textTranslator.java:209)
	at textTranslator.translateCompExpr(textTranslator.java:209)
	at textTranslator.translateCompExpr(textTranslator.java:209)
	at textTranslator.translateCompExpr(textTranslator.java:209)
	at textTranslator.translateCompExpr(textTranslator.java:209)
	at textTranslator.translateCompExpr(textTranslator.java:209)
	at textTranslator.translateCompExpr(textTranslator.java:209)
	at textTranslator.translateCompExpr(textTranslator.java:209)
	at textTranslator.translateCompExpr(textTranslator.java:209)
	at textTranslator.translateCompExpr(textTranslator.java:209)
	at textTranslator.translateCompExpr(textTranslator.java:209)
	at textTranslator.translateCompExpr(textTranslator.java:209)
	at textTranslator.translateCompExpr(textTranslator.java:209)
	at textTranslator.translateCompExpr(textTranslator.java:209)
	at textTranslator.translateCompExpr(textTranslator.java:209)
	at textTranslator.translateCompExpr(textTranslator.java:209)
	at textTranslator.translateCompExpr(textTranslator.java:209)
	at textTranslator.translateCompExpr(textTranslator.java:209)
	at textTranslator.translateCompExpr(textTranslator.java:209)
	at textTranslator.translateCompExpr(textTranslator.java:209)
	at textTranslator.translateCompExpr(textTranslator.java:209)
	at textTranslator.translateCompExpr(textTranslator.java:209)
	at textTranslator.translateCompExpr(textTranslator.java:209)
	at textTranslator.translateCompExpr(textTranslator.java:209)
	at textTranslator.translateCompExpr(textTranslator.java:209)
	at textTranslator.translateCompExpr(textTranslator.java:209)
	at textTranslator.translateCompExpr(textTranslator.java:209)
	at textTranslator.translateCompExpr(textTranslator.java:209)
	at textTranslator.translateCompExpr(textTranslator.java:209)
	at textTranslator.translateCompExpr(textTranslator.java:209)
	at textTranslator.translateCompExpr(textTranslator.java:209)
	at textTranslator.translateCompExpr(textTranslator.java:209)

Dynamic libraries:
08048000-0804d000 r-xp 00000000 03:05 182753     /usr/java/j2sdk1.4.0_01/bin/java
0804d000-0804e000 rw-p 00004000 03:05 182753     /usr/java/j2sdk1.4.0_01/bin/java
40000000-40015000 r-xp 00000000 03:05 4474       /lib/ld-2.2.2.so
40015000-40017000 rw-p 00014000 03:05 4474       /lib/ld-2.2.2.so
40017000-40020000 r-xp 00000000 03:05 183888     /usr/java/j2sdk1.4.0_01/jre/lib/i386/native_threads/libhpi.so
40020000-40021000 rw-p 00008000 03:05 183888     /usr/java/j2sdk1.4.0_01/jre/lib/i386/native_threads/libhpi.so
40021000-40022000 r--p 00000000 03:05 5327       /usr/lib/locale/en_GB/LC_IDENTIFICATION
40022000-40023000 r--p 00000000 03:05 5328       /usr/lib/locale/en_GB/LC_MEASUREMENT
40023000-40024000 r--p 00000000 03:05 5335       /usr/lib/locale/en_GB/LC_TELEPHONE
40024000-40025000 r--p 00000000 03:05 5324       /usr/lib/locale/en_GB/LC_ADDRESS
40025000-40026000 r--p 00000000 03:05 5332       /usr/lib/locale/en_GB/LC_NAME
40026000-40027000 r--p 00000000 03:05 5334       /usr/lib/locale/en_GB/LC_PAPER
40027000-40028000 r--p 00000000 03:05 5330       /usr/lib/locale/en_GB/LC_MESSAGES/SYS_LC_MESSAGES
40028000-40029000 r--p 00000000 03:05 5331       /usr/lib/locale/en_GB/LC_MONETARY
40029000-4002f000 r--p 00000000 03:05 5325       /usr/lib/locale/en_GB/LC_COLLATE
4002f000-4003d000 r-xp 00000000 03:05 4495       /lib/libpthread.so.0
4003d000-40045000 rw-p 0000d000 03:05 4495       /lib/libpthread.so.0
40046000-40048000 r-xp 00000000 03:05 4483       /lib/libdl.so.2
40048000-40049000 rw-p 00001000 03:05 4483       /lib/libdl.so.2
4004a000-4015d000 r-xp 00000000 03:05 4479       /lib/libc.so.6
4015d000-40163000 rw-p 00112000 03:05 4479       /lib/libc.so.6
40167000-4042d000 r-xp 00000000 03:05 183862     /usr/java/j2sdk1.4.0_01/jre/lib/i386/client/libjvm.so
4042d000-40596000 rw-p 002c5000 03:05 183862     /usr/java/j2sdk1.4.0_01/jre/lib/i386/client/libjvm.so
405aa000-405bd000 r-xp 00000000 03:05 4486       /lib/libnsl.so.1
405bd000-405be000 rw-p 00012000 03:05 4486       /lib/libnsl.so.1
405c0000-405f9000 r-xp 00000000 03:05 701        /usr/lib/libstdc++-libc6.1-1.so.2
405f9000-40605000 rw-p 00038000 03:05 701        /usr/lib/libstdc++-libc6.1-1.so.2
40608000-40626000 r-xp 00000000 03:05 4484       /lib/libm.so.6
40626000-40627000 rw-p 0001d000 03:05 4484       /lib/libm.so.6
40627000-40638000 r-xp 00000000 03:05 183885     /usr/java/j2sdk1.4.0_01/jre/lib/i386/libverify.so
40638000-4063a000 rw-p 00010000 03:05 183885     /usr/java/j2sdk1.4.0_01/jre/lib/i386/libverify.so
4063a000-4065c000 r-xp 00000000 03:05 183873     /usr/java/j2sdk1.4.0_01/jre/lib/i386/libjava.so
4065c000-4065e000 rw-p 00021000 03:05 183873     /usr/java/j2sdk1.4.0_01/jre/lib/i386/libjava.so
40660000-40674000 r-xp 00000000 03:05 183886     /usr/java/j2sdk1.4.0_01/jre/lib/i386/libzip.so
40674000-40677000 rw-p 00013000 03:05 183886     /usr/java/j2sdk1.4.0_01/jre/lib/i386/libzip.so
40677000-41cf4000 r--s 00000000 03:05 183948     /usr/java/j2sdk1.4.0_01/jre/lib/rt.jar
41d36000-41d4d000 r--s 00000000 03:05 183955     /usr/java/j2sdk1.4.0_01/jre/lib/sunrsasign.jar
41d4d000-41dbb000 r--s 00000000 03:05 183905     /usr/java/j2sdk1.4.0_01/jre/lib/jsse.jar
41dbb000-41dce000 r--s 00000000 03:05 183904     /usr/java/j2sdk1.4.0_01/jre/lib/jce.jar
41dce000-4204f000 r--s 00000000 03:05 183822     /usr/java/j2sdk1.4.0_01/jre/lib/charsets.jar
440f7000-440f8000 r--p 00000000 03:05 5336       /usr/lib/locale/en_GB/LC_TIME
440f8000-440f9000 r--p 00000000 03:05 5333       /usr/lib/locale/en_GB/LC_NUMERIC
440f9000-440fb000 r--s 00000000 03:05 183831     /usr/java/j2sdk1.4.0_01/jre/lib/ext/dnsns.jar
4c180000-4c19b000 r--p 00000000 03:05 5326       /usr/lib/locale/en_GB/LC_CTYPE
4c1c6000-4c1e3000 r--s 00000000 03:05 183834     /usr/java/j2sdk1.4.0_01/jre/lib/ext/sunjce_provider.jar
4c1e3000-4c1f1000 r--s 00000000 03:05 183832     /usr/java/j2sdk1.4.0_01/jre/lib/ext/ldapsec.jar
4c1f1000-4c294000 r--s 00000000 03:05 183833     /usr/java/j2sdk1.4.0_01/jre/lib/ext/localedata.jar
4c294000-4c2a6000 r--s 00000000 00:10 39910      /vol/labsrc/src/antlr-2.7.1/antlr.jar

Local Time = Sat Nov 30 18:29:42 2002
Elapsed Time = 1
#
# HotSpot Virtual Machine Error : 11
# Error ID : 4F530E43505002D5
# Please report this error at
# http://java.sun.com/cgi-bin/bugreport.cgi
#
# Java VM: Java HotSpot(TM) Client VM (1.4.0_01-b03 mixed mode)
#
